#
# There is insufficient memory for the Java Runtime Environment to continue.
# Native memory allocation (mmap) failed to map 272629760 bytes for G1 virtual space
# Possible reasons:
#   The system is out of physical RAM or swap space
#   The process is running with CompressedOops enabled, and the Java Heap may be blocking the growth of the native heap
# Possible solutions:
#   Reduce memory load on the system
#   Increase physical memory or swap space
#   Check if swap backing store is full
#   Decrease Java heap size (-Xmx/-Xms)
#   Decrease number of Java threads
#   Decrease Java thread stack sizes (-Xss)
#   Set larger code cache with -XX:ReservedCodeCacheSize=
#   JVM is running with Unscaled Compressed Oops mode in which the Java heap is
#     placed in the first 4GB address space. The Java Heap base address is the
#     maximum limit for the native heap growth. Please use -XX:HeapBaseMinAddress
#     to set the Java Heap base and to place the Java Heap above 4GB virtual address.
# This output file may be truncated or incomplete.
#
#  Out of Memory Error (os_windows.cpp:3548), pid=2300, tid=7884
#
# JRE version: Java(TM) SE Runtime Environment (17.0.10+11) (build 17.0.10+11-LTS-240)
# Java VM: Java HotSpot(TM) 64-Bit Server VM (17.0.10+11-LTS-240, mixed mode, emulated-client, sharing, tiered, compressed oops, compressed class ptrs, g1 gc, windows-amd64)
# No core dump will be written. Minidumps are not enabled by default on client versions of Windows
#

---------------  S U M M A R Y ------------

Command Line: -XX:TieredStopAtLevel=1 -Dspring.output.ansi.enabled=always -Dcom.sun.management.jmxremote -Dspring.jmx.enabled=true -Dspring.liveBeansView.mbeanDomain -Dspring.application.admin.enabled=true -Dmanagement.endpoints.jmx.exposure.include=* -javaagent:C:\Program Files\JetBrains\IntelliJ IDEA 2023.3.6\lib\idea_rt.jar=53486:C:\Program Files\JetBrains\IntelliJ IDEA 2023.3.6\bin -Dfile.encoding=UTF-8 com.example.msgestion_financiera.MsGestionFinancieraApplication

Host: Intel(R) Core(TM) i3-5005U CPU @ 2.00GHz, 4 cores, 7G,  Windows 10 , 64 bit Build 19041 (10.0.19041.3636)
Time: Mon Apr 22 00:54:22 2024 Hora est. Pacífico, Sudamérica elapsed time: 15.784029 seconds (0d 0h 0m 15s)

---------------  T H R E A D  ---------------

Current thread (0x000001c01e7b10a0):  VMThread "VM Thread" [stack: 0x000000517ad00000,0x000000517ae00000] [id=7884]

Stack: [0x000000517ad00000,0x000000517ae00000]
Native frames: (J=compiled Java code, j=interpreted, Vv=VM code, C=native code)
V  [jvm.dll+0x677a5a]
V  [jvm.dll+0x7d8b2d]
V  [jvm.dll+0x7da48e]
V  [jvm.dll+0x7daaf3]
V  [jvm.dll+0x2455ff]
V  [jvm.dll+0x6749b9]
V  [jvm.dll+0x669382]
V  [jvm.dll+0x302e96]
V  [jvm.dll+0x30a416]
V  [jvm.dll+0x359cbe]
V  [jvm.dll+0x359eef]
V  [jvm.dll+0x2d9e88]
V  [jvm.dll+0x2d8295]
V  [jvm.dll+0x2d789c]
V  [jvm.dll+0x31b4b1]
V  [jvm.dll+0x7df30b]
V  [jvm.dll+0x7e0044]
V  [jvm.dll+0x7e055d]
V  [jvm.dll+0x7e0934]
V  [jvm.dll+0x7e0a00]
V  [jvm.dll+0x78888a]
V  [jvm.dll+0x676935]
C  [ucrtbase.dll+0x21bb2]
C  [KERNEL32.DLL+0x17344]
C  [ntdll.dll+0x526b1]

VM_Operation (0x000000517cdfd278): G1TryInitiateConcMark, mode: safepoint, requested by thread 0x000001c066c359a0


---------------  P R O C E S S  ---------------

Threads class SMR info:
_java_thread_list=0x000001c0665600c0, length=30, elements={
0x000001c00d3dbe90, 0x000001c01e7b9020, 0x000001c01e7ba580, 0x000001c01e7ccb30,
0x000001c01e7cd7b0, 0x000001c01e7cf920, 0x000001c01e7d0a80, 0x000001c01e7d2ec0,
0x000001c01e7d6b70, 0x000001c01e84ddb0, 0x000001c01e84ea30, 0x000001c01ea9dec0,
0x000001c0642d97f0, 0x000001c0642d9cd0, 0x000001c0643fabf0, 0x000001c064e56270,
0x000001c06566fa70, 0x000001c0657bc8c0, 0x000001c06583fec0, 0x000001c06583e060,
0x000001c0658408e0, 0x000001c065841300, 0x000001c06583ea80, 0x000001c06583ef90,
0x000001c06583f4a0, 0x000001c06583f9b0, 0x000001c066c359a0, 0x000001c066c36de0,
0x000001c066c368d0, 0x000001c066c321f0
}

Java Threads: ( => current thread )
  0x000001c00d3dbe90 JavaThread "main" [_thread_blocked, id=5836, stack(0x000000517a700000,0x000000517a800000)]
  0x000001c01e7b9020 JavaThread "Reference Handler" daemon [_thread_blocked, id=10716, stack(0x000000517ae00000,0x000000517af00000)]
  0x000001c01e7ba580 JavaThread "Finalizer" daemon [_thread_blocked, id=13588, stack(0x000000517af00000,0x000000517b000000)]
  0x000001c01e7ccb30 JavaThread "Signal Dispatcher" daemon [_thread_blocked, id=14388, stack(0x000000517b000000,0x000000517b100000)]
  0x000001c01e7cd7b0 JavaThread "Attach Listener" daemon [_thread_blocked, id=9120, stack(0x000000517b100000,0x000000517b200000)]
  0x000001c01e7cf920 JavaThread "Service Thread" daemon [_thread_blocked, id=8980, stack(0x000000517b200000,0x000000517b300000)]
  0x000001c01e7d0a80 JavaThread "Monitor Deflation Thread" daemon [_thread_blocked, id=10680, stack(0x000000517b300000,0x000000517b400000)]
  0x000001c01e7d2ec0 JavaThread "C1 CompilerThread0" daemon [_thread_blocked, id=2916, stack(0x000000517b400000,0x000000517b500000)]
  0x000001c01e7d6b70 JavaThread "Sweeper thread" daemon [_thread_blocked, id=12832, stack(0x000000517b500000,0x000000517b600000)]
  0x000001c01e84ddb0 JavaThread "Common-Cleaner" daemon [_thread_blocked, id=7680, stack(0x000000517b600000,0x000000517b700000)]
  0x000001c01e84ea30 JavaThread "C1 CompilerThread1" daemon [_thread_blocked, id=14420, stack(0x000000517b700000,0x000000517b800000)]
  0x000001c01ea9dec0 JavaThread "C1 CompilerThread2" daemon [_thread_blocked, id=6192, stack(0x000000517b800000,0x000000517b900000)]
  0x000001c0642d97f0 JavaThread "Monitor Ctrl-Break" daemon [_thread_in_native, id=3200, stack(0x000000517b900000,0x000000517ba00000)]
  0x000001c0642d9cd0 JavaThread "Notification Thread" daemon [_thread_blocked, id=14416, stack(0x000000517ba00000,0x000000517bb00000)]
  0x000001c0643fabf0 JavaThread "RMI TCP Accept-0" daemon [_thread_in_native, id=1984, stack(0x000000517bf00000,0x000000517c000000)]
  0x000001c064e56270 JavaThread "Keep-Alive-Timer" daemon [_thread_blocked, id=13524, stack(0x000000517c200000,0x000000517c300000)]
  0x000001c06566fa70 JavaThread "Catalina-utility-1" [_thread_blocked, id=2676, stack(0x000000517c300000,0x000000517c400000)]
  0x000001c0657bc8c0 JavaThread "Catalina-utility-2" [_thread_blocked, id=9040, stack(0x000000517c400000,0x000000517c500000)]
  0x000001c06583fec0 JavaThread "container-0" [_thread_blocked, id=9420, stack(0x000000517c500000,0x000000517c600000)]
  0x000001c06583e060 JavaThread "mysql-cj-abandoned-connection-cleanup" daemon [_thread_blocked, id=11132, stack(0x000000517c600000,0x000000517c700000)]
  0x000001c0658408e0 JavaThread "HikariPool-1 housekeeper" daemon [_thread_blocked, id=12596, stack(0x000000517c700000,0x000000517c800000)]
  0x000001c065841300 JavaThread "HikariPool-1 connection adder" daemon [_thread_blocked, id=8968, stack(0x000000517c800000,0x000000517c900000)]
  0x000001c06583ea80 JavaThread "ClassGraph-worker-48" daemon [_thread_blocked, id=7100, stack(0x000000517c900000,0x000000517ca00000)]
  0x000001c06583ef90 JavaThread "ClassGraph-worker-49" daemon [_thread_blocked, id=13176, stack(0x000000517ca00000,0x000000517cb00000)]
  0x000001c06583f4a0 JavaThread "ClassGraph-worker-50" daemon [_thread_blocked, id=12372, stack(0x000000517cb00000,0x000000517cc00000)]
  0x000001c06583f9b0 JavaThread "ClassGraph-worker-51" daemon [_thread_blocked, id=1440, stack(0x000000517cc00000,0x000000517cd00000)]
  0x000001c066c359a0 JavaThread "ClassGraph-worker-52" daemon [_thread_blocked, id=14756, stack(0x000000517cd00000,0x000000517ce00000)]
  0x000001c066c36de0 JavaThread "ClassGraph-worker-53" daemon [_thread_blocked, id=14760, stack(0x000000517ce00000,0x000000517cf00000)]
  0x000001c066c368d0 JavaThread "ClassGraph-worker-54" daemon [_thread_blocked, id=10352, stack(0x000000517cf00000,0x000000517d000000)]
  0x000001c066c321f0 JavaThread "ClassGraph-worker-55" daemon [_thread_blocked, id=11492, stack(0x000000517d000000,0x000000517d100000)]

Other Threads:
=>0x000001c01e7b10a0 VMThread "VM Thread" [stack: 0x000000517ad00000,0x000000517ae00000] [id=7884]
  0x000001c0643f9a90 WatcherThread [stack: 0x000000517c000000,0x000000517c100000] [id=13684]
  0x000001c00d432d90 GCTaskThread "GC Thread#0" [stack: 0x000000517a800000,0x000000517a900000] [id=7092]
  0x000001c064387030 GCTaskThread "GC Thread#1" [stack: 0x000000517bb00000,0x000000517bc00000] [id=13888]
  0x000001c0643a2110 GCTaskThread "GC Thread#2" [stack: 0x000000517bc00000,0x000000517bd00000] [id=9748]
  0x000001c0643a43e0 GCTaskThread "GC Thread#3" [stack: 0x000000517bd00000,0x000000517be00000] [id=11692]
  0x000001c00d444130 ConcurrentGCThread "G1 Main Marker" [stack: 0x000000517a900000,0x000000517aa00000] [id=3688]
  0x000001c00d4452e0 ConcurrentGCThread "G1 Conc#0" [stack: 0x000000517aa00000,0x000000517ab00000] [id=15316]
  0x000001c01e660090 ConcurrentGCThread "G1 Refine#0" [stack: 0x000000517ab00000,0x000000517ac00000] [id=13064]
  0x000001c06438e7c0 ConcurrentGCThread "G1 Refine#1" [stack: 0x000000517be00000,0x000000517bf00000] [id=13520]
  0x000001c01e660ac0 ConcurrentGCThread "G1 Service" [stack: 0x000000517ac00000,0x000000517ad00000] [id=14484]

Threads with active compile tasks:

VM state: at safepoint (normal execution)

VM Mutex/Monitor currently owned by a thread:  ([mutex/lock_event])
[0x000001c00d3d6b00] Threads_lock - owner thread: 0x000001c01e7b10a0
[0x000001c00d3d6c20] Heap_lock - owner thread: 0x000001c066c359a0

Heap address: 0x0000000085e00000, size: 1954 MB, Compressed Oops mode: 32-bit

CDS archive(s) mapped at: [0x000001c01f000000-0x000001c01fbd0000-0x000001c01fbd0000), size 12386304, SharedBaseAddress: 0x000001c01f000000, ArchiveRelocationMode: 1.
Compressed class space mapped at: 0x000001c020000000-0x000001c060000000, reserved size: 1073741824
Narrow klass base: 0x000001c01f000000, Narrow klass shift: 0, Narrow klass range: 0x100000000

GC Precious Log:
 CPUs: 4 total, 4 available
 Memory: 7815M
 Large Page Support: Disabled
 NUMA Support: Disabled
 Compressed Oops: Enabled (32-bit)
 Heap Region Size: 1M
 Heap Min Capacity: 8M
 Heap Initial Capacity: 124M
 Heap Max Capacity: 1954M
 Pre-touch: Disabled
 Parallel Workers: 4
 Concurrent Workers: 1
 Concurrent Refinement Workers: 4
 Periodic GC: Disabled

Heap:
 garbage-first heap   total 133120K, used 68481K [0x0000000085e00000, 0x0000000100000000)
  region size 1024K, 4 young (4096K), 4 survivors (4096K)
 Metaspace       used 69131K, committed 69696K, reserved 1114112K
  class space    used 9867K, committed 10112K, reserved 1048576K

Heap Regions: E=young(eden), S=young(survivor), O=old, HS=humongous(starts), HC=humongous(continues), CS=collection set, F=free, OA=open archive, CA=closed archive, TAMS=top-at-mark-start (previous, next)
|   0|0x0000000085e00000, 0x0000000085f00000, 0x0000000085f00000|100%|HS|  |TAMS 0x0000000085f00000, 0x0000000085f00000| Complete 
|   1|0x0000000085f00000, 0x0000000086000000, 0x0000000086000000|100%| O|  |TAMS 0x0000000086000000, 0x0000000086000000| Untracked 
|   2|0x0000000086000000, 0x0000000086100000, 0x0000000086100000|100%| O|  |TAMS 0x0000000086100000, 0x0000000086100000| Untracked 
|   3|0x0000000086100000, 0x0000000086200000, 0x0000000086200000|100%| O|  |TAMS 0x0000000086200000, 0x0000000086200000| Untracked 
|   4|0x0000000086200000, 0x0000000086300000, 0x0000000086300000|100%| O|  |TAMS 0x0000000086300000, 0x0000000086300000| Untracked 
|   5|0x0000000086300000, 0x0000000086400000, 0x0000000086400000|100%| O|  |TAMS 0x0000000086400000, 0x0000000086400000| Untracked 
|   6|0x0000000086400000, 0x0000000086500000, 0x0000000086500000|100%| O|  |TAMS 0x0000000086500000, 0x0000000086500000| Untracked 
|   7|0x0000000086500000, 0x0000000086600000, 0x0000000086600000|100%| O|  |TAMS 0x0000000086600000, 0x0000000086600000| Untracked 
|   8|0x0000000086600000, 0x000000008665b400, 0x0000000086700000| 35%| O|  |TAMS 0x000000008665b400, 0x000000008665b400| Untracked 
|   9|0x0000000086700000, 0x0000000086800000, 0x0000000086800000|100%| O|  |TAMS 0x0000000086800000, 0x0000000086800000| Untracked 
|  10|0x0000000086800000, 0x0000000086900000, 0x0000000086900000|100%| O|  |TAMS 0x0000000086900000, 0x0000000086900000| Untracked 
|  11|0x0000000086900000, 0x0000000086a00000, 0x0000000086a00000|100%| O|  |TAMS 0x0000000086a00000, 0x0000000086a00000| Untracked 
|  12|0x0000000086a00000, 0x0000000086b00000, 0x0000000086b00000|100%| O|  |TAMS 0x0000000086b00000, 0x0000000086b00000| Untracked 
|  13|0x0000000086b00000, 0x0000000086c00000, 0x0000000086c00000|100%| O|  |TAMS 0x0000000086c00000, 0x0000000086c00000| Untracked 
|  14|0x0000000086c00000, 0x0000000086d00000, 0x0000000086d00000|100%| O|  |TAMS 0x0000000086d00000, 0x0000000086d00000| Untracked 
|  15|0x0000000086d00000, 0x0000000086e00000, 0x0000000086e00000|100%| O|  |TAMS 0x0000000086e00000, 0x0000000086e00000| Untracked 
|  16|0x0000000086e00000, 0x0000000086f00000, 0x0000000086f00000|100%| O|  |TAMS 0x0000000086f00000, 0x0000000086f00000| Untracked 
|  17|0x0000000086f00000, 0x0000000087000000, 0x0000000087000000|100%| O|  |TAMS 0x0000000087000000, 0x0000000087000000| Untracked 
|  18|0x0000000087000000, 0x0000000087100000, 0x0000000087100000|100%| O|  |TAMS 0x0000000087100000, 0x0000000087100000| Untracked 
|  19|0x0000000087100000, 0x0000000087200000, 0x0000000087200000|100%| O|  |TAMS 0x0000000087200000, 0x0000000087200000| Untracked 
|  20|0x0000000087200000, 0x0000000087300000, 0x0000000087300000|100%| O|  |TAMS 0x0000000087300000, 0x0000000087300000| Untracked 
|  21|0x0000000087300000, 0x0000000087400000, 0x0000000087400000|100%| O|  |TAMS 0x0000000087400000, 0x0000000087400000| Untracked 
|  22|0x0000000087400000, 0x0000000087500000, 0x0000000087500000|100%| O|  |TAMS 0x0000000087500000, 0x0000000087500000| Untracked 
|  23|0x0000000087500000, 0x0000000087600000, 0x0000000087600000|100%| O|  |TAMS 0x0000000087600000, 0x0000000087600000| Untracked 
|  24|0x0000000087600000, 0x0000000087700000, 0x0000000087700000|100%| O|  |TAMS 0x0000000087700000, 0x0000000087700000| Untracked 
|  25|0x0000000087700000, 0x0000000087800000, 0x0000000087800000|100%| O|  |TAMS 0x0000000087800000, 0x0000000087800000| Untracked 
|  26|0x0000000087800000, 0x0000000087900000, 0x0000000087900000|100%| O|  |TAMS 0x0000000087900000, 0x0000000087900000| Untracked 
|  27|0x0000000087900000, 0x0000000087a00000, 0x0000000087a00000|100%| O|  |TAMS 0x0000000087a00000, 0x0000000087a00000| Untracked 
|  28|0x0000000087a00000, 0x0000000087b00000, 0x0000000087b00000|100%| O|  |TAMS 0x0000000087b00000, 0x0000000087b00000| Untracked 
|  29|0x0000000087b00000, 0x0000000087c00000, 0x0000000087c00000|100%| O|  |TAMS 0x0000000087c00000, 0x0000000087c00000| Untracked 
|  30|0x0000000087c00000, 0x0000000087d00000, 0x0000000087d00000|100%| O|  |TAMS 0x0000000087c00000, 0x0000000087d00000| Untracked 
|  31|0x0000000087d00000, 0x0000000087e00000, 0x0000000087e00000|100%| O|  |TAMS 0x0000000087e00000, 0x0000000087e00000| Untracked 
|  32|0x0000000087e00000, 0x0000000087e00000, 0x0000000087f00000|  0%| F|  |TAMS 0x0000000087e00000, 0x0000000087e00000| Untracked 
|  33|0x0000000087f00000, 0x0000000088000000, 0x0000000088000000|100%| O|  |TAMS 0x0000000088000000, 0x0000000088000000| Untracked 
|  34|0x0000000088000000, 0x0000000088100000, 0x0000000088100000|100%| O|  |TAMS 0x0000000088100000, 0x0000000088100000| Untracked 
|  35|0x0000000088100000, 0x0000000088200000, 0x0000000088200000|100%| O|  |TAMS 0x0000000088200000, 0x0000000088200000| Untracked 
|  36|0x0000000088200000, 0x0000000088300000, 0x0000000088300000|100%| O|  |TAMS 0x0000000088300000, 0x0000000088300000| Untracked 
|  37|0x0000000088300000, 0x0000000088400000, 0x0000000088400000|100%| O|  |TAMS 0x0000000088400000, 0x0000000088400000| Untracked 
|  38|0x0000000088400000, 0x0000000088400000, 0x0000000088500000|  0%| F|  |TAMS 0x0000000088400000, 0x0000000088400000| Untracked 
|  39|0x0000000088500000, 0x0000000088600000, 0x0000000088600000|100%| O|  |TAMS 0x0000000088600000, 0x0000000088600000| Untracked 
|  40|0x0000000088600000, 0x0000000088600000, 0x0000000088700000|  0%| F|  |TAMS 0x0000000088600000, 0x0000000088600000| Untracked 
|  41|0x0000000088700000, 0x0000000088700000, 0x0000000088800000|  0%| F|  |TAMS 0x0000000088700000, 0x0000000088700000| Untracked 
|  42|0x0000000088800000, 0x0000000088900000, 0x0000000088900000|100%| O|  |TAMS 0x0000000088800000, 0x0000000088900000| Untracked 
|  43|0x0000000088900000, 0x0000000088900000, 0x0000000088a00000|  0%| F|  |TAMS 0x0000000088900000, 0x0000000088900000| Untracked 
|  44|0x0000000088a00000, 0x0000000088a00000, 0x0000000088b00000|  0%| F|  |TAMS 0x0000000088a00000, 0x0000000088a00000| Untracked 
|  45|0x0000000088b00000, 0x0000000088b00000, 0x0000000088c00000|  0%| F|  |TAMS 0x0000000088b00000, 0x0000000088b00000| Untracked 
|  46|0x0000000088c00000, 0x0000000088c00000, 0x0000000088d00000|  0%| F|  |TAMS 0x0000000088c00000, 0x0000000088c00000| Untracked 
|  47|0x0000000088d00000, 0x0000000088e00000, 0x0000000088e00000|100%| O|  |TAMS 0x0000000088e00000, 0x0000000088e00000| Untracked 
|  48|0x0000000088e00000, 0x0000000088f00000, 0x0000000088f00000|100%| O|  |TAMS 0x0000000088e00000, 0x0000000088f00000| Untracked 
|  49|0x0000000088f00000, 0x0000000088f00000, 0x0000000089000000|  0%| F|  |TAMS 0x0000000088f00000, 0x0000000088f00000| Untracked 
|  50|0x0000000089000000, 0x0000000089100000, 0x0000000089100000|100%| O|  |TAMS 0x0000000089100000, 0x0000000089100000| Untracked 
|  51|0x0000000089100000, 0x0000000089200000, 0x0000000089200000|100%| O|  |TAMS 0x0000000089200000, 0x0000000089200000| Untracked 
|  52|0x0000000089200000, 0x0000000089300000, 0x0000000089300000|100%| O|  |TAMS 0x0000000089300000, 0x0000000089300000| Untracked 
|  53|0x0000000089300000, 0x0000000089400000, 0x0000000089400000|100%| O|  |TAMS 0x0000000089400000, 0x0000000089400000| Untracked 
|  54|0x0000000089400000, 0x0000000089500000, 0x0000000089500000|100%| O|  |TAMS 0x0000000089500000, 0x0000000089500000| Untracked 
|  55|0x0000000089500000, 0x0000000089600000, 0x0000000089600000|100%| O|  |TAMS 0x0000000089600000, 0x0000000089600000| Untracked 
|  56|0x0000000089600000, 0x0000000089700000, 0x0000000089700000|100%| O|  |TAMS 0x00000000896dc600, 0x0000000089700000| Untracked 
|  57|0x0000000089700000, 0x0000000089800000, 0x0000000089800000|100%| O|  |TAMS 0x0000000089700000, 0x0000000089800000| Untracked 
|  58|0x0000000089800000, 0x0000000089900000, 0x0000000089900000|100%| O|  |TAMS 0x0000000089800000, 0x0000000089900000| Untracked 
|  59|0x0000000089900000, 0x0000000089a00000, 0x0000000089a00000|100%| O|  |TAMS 0x0000000089900000, 0x0000000089a00000| Untracked 
|  60|0x0000000089a00000, 0x0000000089b00000, 0x0000000089b00000|100%| O|  |TAMS 0x0000000089a00000, 0x0000000089b00000| Untracked 
|  61|0x0000000089b00000, 0x0000000089c00000, 0x0000000089c00000|100%| O|  |TAMS 0x0000000089b00000, 0x0000000089c00000| Untracked 
|  62|0x0000000089c00000, 0x0000000089d00000, 0x0000000089d00000|100%| O|  |TAMS 0x0000000089c00000, 0x0000000089d00000| Untracked 
|  63|0x0000000089d00000, 0x0000000089e00000, 0x0000000089e00000|100%| O|  |TAMS 0x0000000089d00000, 0x0000000089e00000| Untracked 
|  64|0x0000000089e00000, 0x0000000089f00000, 0x0000000089f00000|100%| O|  |TAMS 0x0000000089e00000, 0x0000000089f00000| Untracked 
|  65|0x0000000089f00000, 0x000000008a000000, 0x000000008a000000|100%| O|  |TAMS 0x0000000089f00000, 0x000000008a000000| Untracked 
|  66|0x000000008a000000, 0x000000008a100000, 0x000000008a100000|100%| O|  |TAMS 0x000000008a000000, 0x000000008a100000| Untracked 
|  67|0x000000008a100000, 0x000000008a200000, 0x000000008a200000|100%| O|  |TAMS 0x000000008a100000, 0x000000008a200000| Untracked 
|  68|0x000000008a200000, 0x000000008a300000, 0x000000008a300000|100%| O|  |TAMS 0x000000008a200000, 0x000000008a300000| Untracked 
|  69|0x000000008a300000, 0x000000008a400000, 0x000000008a400000|100%| O|  |TAMS 0x000000008a300000, 0x000000008a400000| Untracked 
|  70|0x000000008a400000, 0x000000008a500000, 0x000000008a500000|100%| O|  |TAMS 0x000000008a400000, 0x000000008a500000| Untracked 
|  71|0x000000008a500000, 0x000000008a600000, 0x000000008a600000|100%| O|  |TAMS 0x000000008a500000, 0x000000008a600000| Untracked 
|  72|0x000000008a600000, 0x000000008a6f0400, 0x000000008a700000| 93%| O|  |TAMS 0x000000008a600000, 0x000000008a6f0400| Untracked 
|  73|0x000000008a700000, 0x000000008a700000, 0x000000008a800000|  0%| F|  |TAMS 0x000000008a700000, 0x000000008a700000| Untracked 
|  74|0x000000008a800000, 0x000000008a800000, 0x000000008a900000|  0%| F|  |TAMS 0x000000008a800000, 0x000000008a800000| Untracked 
|  75|0x000000008a900000, 0x000000008a900000, 0x000000008aa00000|  0%| F|  |TAMS 0x000000008a900000, 0x000000008a900000| Untracked 
|  76|0x000000008aa00000, 0x000000008aa00000, 0x000000008ab00000|  0%| F|  |TAMS 0x000000008aa00000, 0x000000008aa00000| Untracked 
|  77|0x000000008ab00000, 0x000000008ab00000, 0x000000008ac00000|  0%| F|  |TAMS 0x000000008ab00000, 0x000000008ab00000| Untracked 
|  78|0x000000008ac00000, 0x000000008ac00000, 0x000000008ad00000|  0%| F|  |TAMS 0x000000008ac00000, 0x000000008ac00000| Untracked 
|  79|0x000000008ad00000, 0x000000008ad00000, 0x000000008ae00000|  0%| F|  |TAMS 0x000000008ad00000, 0x000000008ad00000| Untracked 
|  80|0x000000008ae00000, 0x000000008ae00000, 0x000000008af00000|  0%| F|  |TAMS 0x000000008ae00000, 0x000000008ae00000| Untracked 
|  81|0x000000008af00000, 0x000000008af00000, 0x000000008b000000|  0%| F|  |TAMS 0x000000008af00000, 0x000000008af00000| Untracked 
|  82|0x000000008b000000, 0x000000008b000000, 0x000000008b100000|  0%| F|  |TAMS 0x000000008b000000, 0x000000008b000000| Untracked 
|  83|0x000000008b100000, 0x000000008b100000, 0x000000008b200000|  0%| F|  |TAMS 0x000000008b100000, 0x000000008b100000| Untracked 
|  84|0x000000008b200000, 0x000000008b200000, 0x000000008b300000|  0%| F|  |TAMS 0x000000008b200000, 0x000000008b200000| Untracked 
|  85|0x000000008b300000, 0x000000008b300000, 0x000000008b400000|  0%| F|  |TAMS 0x000000008b300000, 0x000000008b300000| Untracked 
|  86|0x000000008b400000, 0x000000008b400000, 0x000000008b500000|  0%| F|  |TAMS 0x000000008b400000, 0x000000008b400000| Untracked 
|  87|0x000000008b500000, 0x000000008b500000, 0x000000008b600000|  0%| F|  |TAMS 0x000000008b500000, 0x000000008b500000| Untracked 
|  88|0x000000008b600000, 0x000000008b600000, 0x000000008b700000|  0%| F|  |TAMS 0x000000008b600000, 0x000000008b600000| Untracked 
|  89|0x000000008b700000, 0x000000008b700000, 0x000000008b800000|  0%| F|  |TAMS 0x000000008b700000, 0x000000008b700000| Untracked 
|  90|0x000000008b800000, 0x000000008b800000, 0x000000008b900000|  0%| F|  |TAMS 0x000000008b800000, 0x000000008b800000| Untracked 
|  91|0x000000008b900000, 0x000000008b900000, 0x000000008ba00000|  0%| F|  |TAMS 0x000000008b900000, 0x000000008b900000| Untracked 
|  92|0x000000008ba00000, 0x000000008ba00000, 0x000000008bb00000|  0%| F|  |TAMS 0x000000008ba00000, 0x000000008ba00000| Untracked 
|  93|0x000000008bb00000, 0x000000008bb00000, 0x000000008bc00000|  0%| F|  |TAMS 0x000000008bb00000, 0x000000008bb00000| Untracked 
|  94|0x000000008bc00000, 0x000000008bc00000, 0x000000008bd00000|  0%| F|  |TAMS 0x000000008bc00000, 0x000000008bc00000| Untracked 
|  95|0x000000008bd00000, 0x000000008bd00000, 0x000000008be00000|  0%| F|  |TAMS 0x000000008bd00000, 0x000000008bd00000| Untracked 
|  96|0x000000008be00000, 0x000000008be00000, 0x000000008bf00000|  0%| F|  |TAMS 0x000000008be00000, 0x000000008be00000| Untracked 
|  97|0x000000008bf00000, 0x000000008bf00000, 0x000000008c000000|  0%| F|  |TAMS 0x000000008bf00000, 0x000000008bf00000| Untracked 
|  98|0x000000008c000000, 0x000000008c000000, 0x000000008c100000|  0%| F|  |TAMS 0x000000008c000000, 0x000000008c000000| Untracked 
|  99|0x000000008c100000, 0x000000008c100000, 0x000000008c200000|  0%| F|  |TAMS 0x000000008c100000, 0x000000008c100000| Untracked 
| 100|0x000000008c200000, 0x000000008c200000, 0x000000008c300000|  0%| F|  |TAMS 0x000000008c200000, 0x000000008c200000| Untracked 
| 101|0x000000008c300000, 0x000000008c300000, 0x000000008c400000|  0%| F|  |TAMS 0x000000008c300000, 0x000000008c300000| Untracked 
| 102|0x000000008c400000, 0x000000008c400000, 0x000000008c500000|  0%| F|  |TAMS 0x000000008c400000, 0x000000008c400000| Untracked 
| 103|0x000000008c500000, 0x000000008c500000, 0x000000008c600000|  0%| F|  |TAMS 0x000000008c500000, 0x000000008c500000| Untracked 
| 104|0x000000008c600000, 0x000000008c600000, 0x000000008c700000|  0%| F|  |TAMS 0x000000008c600000, 0x000000008c600000| Untracked 
| 105|0x000000008c700000, 0x000000008c700000, 0x000000008c800000|  0%| F|  |TAMS 0x000000008c700000, 0x000000008c700000| Untracked 
| 106|0x000000008c800000, 0x000000008c800000, 0x000000008c900000|  0%| F|  |TAMS 0x000000008c800000, 0x000000008c800000| Untracked 
| 107|0x000000008c900000, 0x000000008c900000, 0x000000008ca00000|  0%| F|  |TAMS 0x000000008c900000, 0x000000008c900000| Untracked 
| 108|0x000000008ca00000, 0x000000008ca00000, 0x000000008cb00000|  0%| F|  |TAMS 0x000000008ca00000, 0x000000008ca00000| Untracked 
| 109|0x000000008cb00000, 0x000000008cb00000, 0x000000008cc00000|  0%| F|  |TAMS 0x000000008cb00000, 0x000000008cb00000| Untracked 
| 110|0x000000008cc00000, 0x000000008cc00000, 0x000000008cd00000|  0%| F|  |TAMS 0x000000008cc00000, 0x000000008cc00000| Untracked 
| 111|0x000000008cd00000, 0x000000008cd00000, 0x000000008ce00000|  0%| F|  |TAMS 0x000000008cd00000, 0x000000008cd00000| Untracked 
| 112|0x000000008ce00000, 0x000000008ce00000, 0x000000008cf00000|  0%| F|  |TAMS 0x000000008ce00000, 0x000000008ce00000| Untracked 
| 113|0x000000008cf00000, 0x000000008cf00000, 0x000000008d000000|  0%| F|  |TAMS 0x000000008cf00000, 0x000000008cf00000| Untracked 
| 114|0x000000008d000000, 0x000000008d000000, 0x000000008d100000|  0%| F|  |TAMS 0x000000008d000000, 0x000000008d000000| Untracked 
| 115|0x000000008d100000, 0x000000008d100000, 0x000000008d200000|  0%| F|  |TAMS 0x000000008d100000, 0x000000008d100000| Untracked 
| 116|0x000000008d200000, 0x000000008d294df8, 0x000000008d300000| 58%| S|CS|TAMS 0x000000008d200000, 0x000000008d200000| Complete 
| 117|0x000000008d300000, 0x000000008d400000, 0x000000008d400000|100%| S|CS|TAMS 0x000000008d300000, 0x000000008d300000| Complete 
| 118|0x000000008d400000, 0x000000008d500000, 0x000000008d500000|100%| S|CS|TAMS 0x000000008d400000, 0x000000008d400000| Complete 
| 119|0x000000008d500000, 0x000000008d600000, 0x000000008d600000|100%| S|CS|TAMS 0x000000008d500000, 0x000000008d500000| Complete 
| 120|0x000000008d600000, 0x000000008d600000, 0x000000008d700000|  0%| F|  |TAMS 0x000000008d600000, 0x000000008d600000| Untracked 
| 121|0x000000008d700000, 0x000000008d700000, 0x000000008d800000|  0%| F|  |TAMS 0x000000008d700000, 0x000000008d700000| Untracked 
| 122|0x000000008d800000, 0x000000008d800000, 0x000000008d900000|  0%| F|  |TAMS 0x000000008d800000, 0x000000008d800000| Untracked 
| 123|0x000000008d900000, 0x000000008d900000, 0x000000008da00000|  0%| F|  |TAMS 0x000000008d900000, 0x000000008d900000| Untracked 
| 124|0x000000008da00000, 0x000000008da00000, 0x000000008db00000|  0%| F|  |TAMS 0x000000008da00000, 0x000000008da00000| Untracked 
| 125|0x000000008db00000, 0x000000008db00000, 0x000000008dc00000|  0%| F|  |TAMS 0x000000008db00000, 0x000000008db00000| Untracked 
| 126|0x000000008dc00000, 0x000000008dc00000, 0x000000008dd00000|  0%| F|  |TAMS 0x000000008dc00000, 0x000000008dc00000| Untracked 
| 127|0x000000008dd00000, 0x000000008dd00000, 0x000000008de00000|  0%| F|  |TAMS 0x000000008dd00000, 0x000000008dd00000| Untracked 
| 128|0x000000008de00000, 0x000000008de00000, 0x000000008df00000|  0%| F|  |TAMS 0x000000008de00000, 0x000000008de00000| Untracked 
| 129|0x000000008df00000, 0x000000008df00000, 0x000000008e000000|  0%| F|  |TAMS 0x000000008df00000, 0x000000008df00000| Untracked 

Card table byte_map: [0x000001c018060000,0x000001c018440000] _byte_map_base: 0x000001c017c31000

Marking Bits (Prev, Next): (CMBitMap*) 0x000001c00d434400, (CMBitMap*) 0x000001c00d4343c0
 Prev Bits: [0x000001c01a6b0000, 0x000001c01c538000)
 Next Bits: [0x000001c018820000, 0x000001c01a6a8000)

Polling page: 0x000001c00b260000

Metaspace:

Usage:
  Non-class:     57.88 MB used.
      Class:      9.64 MB used.
       Both:     67.51 MB used.

Virtual space:
  Non-class space:       64.00 MB reserved,      58.19 MB ( 91%) committed,  1 nodes.
      Class space:        1.00 GB reserved,       9.88 MB ( <1%) committed,  1 nodes.
             Both:        1.06 GB reserved,      68.06 MB (  6%) committed. 

Chunk freelists:
   Non-Class:  4.90 MB
       Class:  6.07 MB
        Both:  10.97 MB

MaxMetaspaceSize: unlimited
CompressedClassSpaceSize: 1.00 GB
Initial GC threshold: 21.00 MB
Current GC threshold: 113.44 MB
CDS: on
MetaspaceReclaimPolicy: balanced
 - commit_granule_bytes: 65536.
 - commit_granule_words: 8192.
 - virtual_space_node_default_size: 8388608.
 - enlarge_chunks_in_place: 1.
 - new_chunks_are_fully_committed: 0.
 - uncommit_free_chunks: 1.
 - use_allocation_guard: 0.
 - handle_deallocations: 1.


Internal statistics:

num_allocs_failed_limit: 9.
num_arena_births: 748.
num_arena_deaths: 0.
num_vsnodes_births: 2.
num_vsnodes_deaths: 0.
num_space_committed: 1089.
num_space_uncommitted: 0.
num_chunks_returned_to_freelist: 9.
num_chunks_taken_from_freelist: 3136.
num_chunk_merges: 9.
num_chunk_splits: 2313.
num_chunks_enlarged: 1853.
num_inconsistent_stats: 0.

CodeCache: size=49152Kb used=12536Kb max_used=12536Kb free=36615Kb
 bounds [0x000001c014c80000, 0x000001c0158c0000, 0x000001c017c80000]
 total_blobs=6919 nmethods=6234 adapters=610
 compilation: enabled
              stopped_count=0, restarted_count=0
 full_count=0

Compilation events (20 events):
Event: 15.674 Thread 0x000001c01e84ea30 6227       1       java.util.Formatter::toString (12 bytes)
Event: 15.674 Thread 0x000001c01e84ea30 nmethod 6227 0x000001c0158b6710 code [0x000001c0158b68c0, 0x000001c0158b6a18]
Event: 15.675 Thread 0x000001c01e7d2ec0 nmethod 6225 0x000001c0158b6b10 code [0x000001c0158b6dc0, 0x000001c0158b7688]
Event: 15.677 Thread 0x000001c01ea9dec0 nmethod 6226 0x000001c0158b7f90 code [0x000001c0158b82c0, 0x000001c0158b9568]
Event: 15.692 Thread 0x000001c01e84ea30 6228   !   1       nonapi.io.github.classgraph.fileslice.FileSlice::close (69 bytes)
Event: 15.693 Thread 0x000001c01e7d2ec0 6229       1       java.io.RandomAccessFile$1::close (11 bytes)
Event: 15.694 Thread 0x000001c01e7d2ec0 nmethod 6229 0x000001c0158ba090 code [0x000001c0158ba240, 0x000001c0158ba558]
Event: 15.694 Thread 0x000001c01e84ea30 nmethod 6228 0x000001c0158ba710 code [0x000001c0158ba920, 0x000001c0158baea8]
Event: 15.706 Thread 0x000001c01ea9dec0 6230       1       nonapi.io.github.classgraph.utils.CollectionUtils::sortIfNotEmpty (15 bytes)
Event: 15.706 Thread 0x000001c01ea9dec0 nmethod 6230 0x000001c0158bb210 code [0x000001c0158bb3c0, 0x000001c0158bb4d8]
Event: 15.711 Thread 0x000001c01ea9dec0 6231       1       java.lang.ModuleLayer::findModule (76 bytes)
Event: 15.712 Thread 0x000001c01ea9dec0 nmethod 6231 0x000001c0158bb590 code [0x000001c0158bb820, 0x000001c0158bc1f8]
Event: 15.712 Thread 0x000001c01ea9dec0 6232       1       java.lang.WeakPairMap$Pair::lookup (10 bytes)
Event: 15.712 Thread 0x000001c01e7d2ec0 6233       1       java.lang.WeakPairMap$Pair$Lookup::<init> (21 bytes)
Event: 15.713 Thread 0x000001c01e7d2ec0 nmethod 6233 0x000001c0158bc610 code [0x000001c0158bc7c0, 0x000001c0158bca78]
Event: 15.713 Thread 0x000001c01ea9dec0 nmethod 6232 0x000001c0158bcb90 code [0x000001c0158bcd40, 0x000001c0158bd038]
Event: 15.714 Thread 0x000001c01e84ea30 6234       1       java.lang.WeakPairMap::get (17 bytes)
Event: 15.715 Thread 0x000001c01e84ea30 nmethod 6234 0x000001c0158bd190 code [0x000001c0158bd3a0, 0x000001c0158bd938]
Event: 15.737 Thread 0x000001c01ea9dec0 6235       1       java.lang.ThreadLocal::setInitialValue (50 bytes)
Event: 15.737 Thread 0x000001c01ea9dec0 nmethod 6235 0x000001c0158bdc90 code [0x000001c0158bde80, 0x000001c0158be158]

GC Heap History (20 events):
Event: 14.009 GC heap after
{Heap after GC invocations=18 (full 0):
 garbage-first heap   total 79872K, used 32422K [0x0000000085e00000, 0x0000000100000000)
  region size 1024K, 3 young (3072K), 3 survivors (3072K)
 Metaspace       used 66773K, committed 67328K, reserved 1114112K
  class space    used 9564K, committed 9856K, reserved 1048576K
}
Event: 14.567 GC heap before
{Heap before GC invocations=18 (full 0):
 garbage-first heap   total 79872K, used 62118K [0x0000000085e00000, 0x0000000100000000)
  region size 1024K, 32 young (32768K), 3 survivors (3072K)
 Metaspace       used 69030K, committed 69632K, reserved 1114112K
  class space    used 9852K, committed 10112K, reserved 1048576K
}
Event: 14.582 GC heap after
{Heap after GC invocations=19 (full 0):
 garbage-first heap   total 79872K, used 37343K [0x0000000085e00000, 0x0000000100000000)
  region size 1024K, 4 young (4096K), 4 survivors (4096K)
 Metaspace       used 69030K, committed 69632K, reserved 1114112K
  class space    used 9852K, committed 10112K, reserved 1048576K
}
Event: 14.729 GC heap before
{Heap before GC invocations=19 (full 0):
 garbage-first heap   total 79872K, used 61919K [0x0000000085e00000, 0x0000000100000000)
  region size 1024K, 29 young (29696K), 4 survivors (4096K)
 Metaspace       used 69030K, committed 69632K, reserved 1114112K
  class space    used 9852K, committed 10112K, reserved 1048576K
}
Event: 14.742 GC heap after
{Heap after GC invocations=20 (full 0):
 garbage-first heap   total 79872K, used 44517K [0x0000000085e00000, 0x0000000100000000)
  region size 1024K, 4 young (4096K), 4 survivors (4096K)
 Metaspace       used 69030K, committed 69632K, reserved 1114112K
  class space    used 9852K, committed 10112K, reserved 1048576K
}
Event: 14.889 GC heap before
{Heap before GC invocations=20 (full 0):
 garbage-first heap   total 79872K, used 61925K [0x0000000085e00000, 0x0000000100000000)
  region size 1024K, 21 young (21504K), 4 survivors (4096K)
 Metaspace       used 69123K, committed 69696K, reserved 1114112K
  class space    used 9865K, committed 10112K, reserved 1048576K
}
Event: 14.903 GC heap after
{Heap after GC invocations=21 (full 0):
 garbage-first heap   total 79872K, used 49245K [0x0000000085e00000, 0x0000000100000000)
  region size 1024K, 3 young (3072K), 3 survivors (3072K)
 Metaspace       used 69123K, committed 69696K, reserved 1114112K
  class space    used 9865K, committed 10112K, reserved 1048576K
}
Event: 14.974 GC heap before
{Heap before GC invocations=21 (full 0):
 garbage-first heap   total 79872K, used 61533K [0x0000000085e00000, 0x0000000100000000)
  region size 1024K, 15 young (15360K), 3 survivors (3072K)
 Metaspace       used 69123K, committed 69696K, reserved 1114112K
  class space    used 9865K, committed 10112K, reserved 1048576K
}
Event: 14.982 GC heap after
{Heap after GC invocations=22 (full 0):
 garbage-first heap   total 123904K, used 52589K [0x0000000085e00000, 0x0000000100000000)
  region size 1024K, 2 young (2048K), 2 survivors (2048K)
 Metaspace       used 69123K, committed 69696K, reserved 1114112K
  class space    used 9865K, committed 10112K, reserved 1048576K
}
Event: 15.233 GC heap before
{Heap before GC invocations=23 (full 0):
 garbage-first heap   total 123904K, used 89453K [0x0000000085e00000, 0x0000000100000000)
  region size 1024K, 39 young (39936K), 2 survivors (2048K)
 Metaspace       used 69123K, committed 69696K, reserved 1114112K
  class space    used 9865K, committed 10112K, reserved 1048576K
}
Event: 15.250 GC heap after
{Heap after GC invocations=24 (full 0):
 garbage-first heap   total 123904K, used 61662K [0x0000000085e00000, 0x0000000100000000)
  region size 1024K, 5 young (5120K), 5 survivors (5120K)
 Metaspace       used 69123K, committed 69696K, reserved 1114112K
  class space    used 9865K, committed 10112K, reserved 1048576K
}
Event: 15.309 GC heap before
{Heap before GC invocations=24 (full 0):
 garbage-first heap   total 123904K, used 67806K [0x0000000085e00000, 0x0000000100000000)
  region size 1024K, 12 young (12288K), 5 survivors (5120K)
 Metaspace       used 69123K, committed 69696K, reserved 1114112K
  class space    used 9865K, committed 10112K, reserved 1048576K
}
Event: 15.320 GC heap after
{Heap after GC invocations=25 (full 0):
 garbage-first heap   total 123904K, used 64072K [0x0000000085e00000, 0x0000000100000000)
  region size 1024K, 3 young (3072K), 3 survivors (3072K)
 Metaspace       used 69123K, committed 69696K, reserved 1114112K
  class space    used 9865K, committed 10112K, reserved 1048576K
}
Event: 15.440 GC heap before
{Heap before GC invocations=25 (full 0):
 garbage-first heap   total 123904K, used 87624K [0x0000000085e00000, 0x0000000100000000)
  region size 1024K, 26 young (26624K), 3 survivors (3072K)
 Metaspace       used 69123K, committed 69696K, reserved 1114112K
  class space    used 9865K, committed 10112K, reserved 1048576K
}
Event: 15.450 GC heap after
{Heap after GC invocations=26 (full 0):
 garbage-first heap   total 123904K, used 69235K [0x0000000085e00000, 0x0000000100000000)
  region size 1024K, 4 young (4096K), 4 survivors (4096K)
 Metaspace       used 69123K, committed 69696K, reserved 1114112K
  class space    used 9865K, committed 10112K, reserved 1048576K
}
Event: 15.621 GC heap before
{Heap before GC invocations=27 (full 0):
 garbage-first heap   total 133120K, used 88691K [0x0000000085e00000, 0x0000000100000000)
  region size 1024K, 25 young (25600K), 4 survivors (4096K)
 Metaspace       used 69123K, committed 69696K, reserved 1114112K
  class space    used 9865K, committed 10112K, reserved 1048576K
}
Event: 15.632 GC heap after
{Heap after GC invocations=28 (full 0):
 garbage-first heap   total 133120K, used 72960K [0x0000000085e00000, 0x0000000100000000)
  region size 1024K, 4 young (4096K), 4 survivors (4096K)
 Metaspace       used 69123K, committed 69696K, reserved 1114112K
  class space    used 9865K, committed 10112K, reserved 1048576K
}
Event: 15.643 GC heap before
{Heap before GC invocations=28 (full 0):
 garbage-first heap   total 133120K, used 75008K [0x0000000085e00000, 0x0000000100000000)
  region size 1024K, 6 young (6144K), 4 survivors (4096K)
 Metaspace       used 69123K, committed 69696K, reserved 1114112K
  class space    used 9865K, committed 10112K, reserved 1048576K
}
Event: 15.652 GC heap after
{Heap after GC invocations=29 (full 0):
 garbage-first heap   total 133120K, used 65838K [0x0000000085e00000, 0x0000000100000000)
  region size 1024K, 1 young (1024K), 1 survivors (1024K)
 Metaspace       used 69123K, committed 69696K, reserved 1114112K
  class space    used 9865K, committed 10112K, reserved 1048576K
}
Event: 15.775 GC heap before
{Heap before GC invocations=29 (full 0):
 garbage-first heap   total 133120K, used 73006K [0x0000000085e00000, 0x0000000100000000)
  region size 1024K, 10 young (10240K), 1 survivors (1024K)
 Metaspace       used 69131K, committed 69696K, reserved 1114112K
  class space    used 9867K, committed 10112K, reserved 1048576K
}

Deoptimization events (6 events):
Event: 3.123 Thread 0x000001c00d3dbe90 DEOPT PACKING pc=0x000001c01514cf1c sp=0x000000517a7fdd10
Event: 3.123 Thread 0x000001c00d3dbe90 DEOPT UNPACKING pc=0x000001c014cd2b43 sp=0x000000517a7fd1d8 mode 0
Event: 13.346 Thread 0x000001c00d3dbe90 DEOPT PACKING pc=0x000001c015244424 sp=0x000000517a7fc3d0
Event: 13.346 Thread 0x000001c00d3dbe90 DEOPT UNPACKING pc=0x000001c014cd2b43 sp=0x000000517a7fb928 mode 0
Event: 13.613 Thread 0x000001c00d3dbe90 DEOPT PACKING pc=0x000001c0151ad7aa sp=0x000000517a7fd130
Event: 13.613 Thread 0x000001c00d3dbe90 DEOPT UNPACKING pc=0x000001c014cd2b43 sp=0x000000517a7fc638 mode 3

Classes unloaded (0 events):
No events

Classes redefined (0 events):
No events

Internal exceptions (20 events):
Event: 15.738 Thread 0x000001c06583ef90 Exception <a 'sun/nio/fs/WindowsException'{0x000000008d884d98}> (0x000000008d884d98) 
thrown [s\open\src\hotspot\share\prims\jni.cpp, line 516]
Event: 15.738 Thread 0x000001c06583ef90 Exception <a 'sun/nio/fs/WindowsException'{0x000000008d885050}> (0x000000008d885050) 
thrown [s\open\src\hotspot\share\prims\jni.cpp, line 516]
Event: 15.739 Thread 0x000001c06583ef90 Exception <a 'sun/nio/fs/WindowsException'{0x000000008d885980}> (0x000000008d885980) 
thrown [s\open\src\hotspot\share\prims\jni.cpp, line 516]
Event: 15.739 Thread 0x000001c06583ef90 Exception <a 'sun/nio/fs/WindowsException'{0x000000008d885c70}> (0x000000008d885c70) 
thrown [s\open\src\hotspot\share\prims\jni.cpp, line 516]
Event: 15.739 Thread 0x000001c06583ef90 Exception <a 'sun/nio/fs/WindowsException'{0x000000008d886578}> (0x000000008d886578) 
thrown [s\open\src\hotspot\share\prims\jni.cpp, line 516]
Event: 15.739 Thread 0x000001c06583ef90 Exception <a 'sun/nio/fs/WindowsException'{0x000000008d886838}> (0x000000008d886838) 
thrown [s\open\src\hotspot\share\prims\jni.cpp, line 516]
Event: 15.739 Thread 0x000001c06583ef90 Exception <a 'sun/nio/fs/WindowsException'{0x000000008d887108}> (0x000000008d887108) 
thrown [s\open\src\hotspot\share\prims\jni.cpp, line 516]
Event: 15.739 Thread 0x000001c06583ef90 Exception <a 'sun/nio/fs/WindowsException'{0x000000008d887390}> (0x000000008d887390) 
thrown [s\open\src\hotspot\share\prims\jni.cpp, line 516]
Event: 15.739 Thread 0x000001c06583ef90 Exception <a 'sun/nio/fs/WindowsException'{0x000000008d887c70}> (0x000000008d887c70) 
thrown [s\open\src\hotspot\share\prims\jni.cpp, line 516]
Event: 15.740 Thread 0x000001c06583ef90 Exception <a 'sun/nio/fs/WindowsException'{0x000000008d887f10}> (0x000000008d887f10) 
thrown [s\open\src\hotspot\share\prims\jni.cpp, line 516]
Event: 15.740 Thread 0x000001c06583ef90 Exception <a 'sun/nio/fs/WindowsException'{0x000000008d8887f0}> (0x000000008d8887f0) 
thrown [s\open\src\hotspot\share\prims\jni.cpp, line 516]
Event: 15.740 Thread 0x000001c06583ef90 Exception <a 'sun/nio/fs/WindowsException'{0x000000008d888a80}> (0x000000008d888a80) 
thrown [s\open\src\hotspot\share\prims\jni.cpp, line 516]
Event: 15.740 Thread 0x000001c06583ef90 Exception <a 'sun/nio/fs/WindowsException'{0x000000008d889360}> (0x000000008d889360) 
thrown [s\open\src\hotspot\share\prims\jni.cpp, line 516]
Event: 15.740 Thread 0x000001c06583ef90 Exception <a 'sun/nio/fs/WindowsException'{0x000000008d889600}> (0x000000008d889600) 
thrown [s\open\src\hotspot\share\prims\jni.cpp, line 516]
Event: 15.740 Thread 0x000001c06583ef90 Exception <a 'sun/nio/fs/WindowsException'{0x000000008d889f08}> (0x000000008d889f08) 
thrown [s\open\src\hotspot\share\prims\jni.cpp, line 516]
Event: 15.740 Thread 0x000001c06583ef90 Exception <a 'sun/nio/fs/WindowsException'{0x000000008d88a1c8}> (0x000000008d88a1c8) 
thrown [s\open\src\hotspot\share\prims\jni.cpp, line 516]
Event: 15.741 Thread 0x000001c06583ef90 Exception <a 'sun/nio/fs/WindowsException'{0x000000008d88aae0}> (0x000000008d88aae0) 
thrown [s\open\src\hotspot\share\prims\jni.cpp, line 516]
Event: 15.741 Thread 0x000001c06583ef90 Exception <a 'sun/nio/fs/WindowsException'{0x000000008d88adb0}> (0x000000008d88adb0) 
thrown [s\open\src\hotspot\share\prims\jni.cpp, line 516]
Event: 15.741 Thread 0x000001c06583ef90 Exception <a 'sun/nio/fs/WindowsException'{0x000000008d88b6b8}> (0x000000008d88b6b8) 
thrown [s\open\src\hotspot\share\prims\jni.cpp, line 516]
Event: 15.741 Thread 0x000001c06583ef90 Exception <a 'sun/nio/fs/WindowsException'{0x000000008d88b988}> (0x000000008d88b988) 
thrown [s\open\src\hotspot\share\prims\jni.cpp, line 516]

VM Operations (20 events):
Event: 14.984 Executing VM operation: G1CollectForAllocation done
Event: 15.069 Executing VM operation: G1Concurrent
Event: 15.077 Executing VM operation: G1Concurrent done
Event: 15.157 Executing VM operation: G1Concurrent
Event: 15.158 Executing VM operation: G1Concurrent done
Event: 15.233 Executing VM operation: G1CollectForAllocation
Event: 15.253 Executing VM operation: G1CollectForAllocation done
Event: 15.308 Executing VM operation: G1TryInitiateConcMark
Event: 15.321 Executing VM operation: G1TryInitiateConcMark done
Event: 15.439 Executing VM operation: G1CollectForAllocation
Event: 15.451 Executing VM operation: G1CollectForAllocation done
Event: 15.497 Executing VM operation: G1Concurrent
Event: 15.516 Executing VM operation: G1Concurrent done
Event: 15.598 Executing VM operation: G1Concurrent
Event: 15.599 Executing VM operation: G1Concurrent done
Event: 15.620 Executing VM operation: G1CollectForAllocation
Event: 15.635 Executing VM operation: G1CollectForAllocation done
Event: 15.643 Executing VM operation: G1CollectForAllocation
Event: 15.653 Executing VM operation: G1CollectForAllocation done
Event: 15.758 Executing VM operation: G1TryInitiateConcMark

Events (20 events):
Event: 15.677 Thread 0x000001c066b3bce0 Thread added: 0x000001c066b3bce0
Event: 15.677 Thread 0x000001c066b38020 Thread added: 0x000001c066b38020
Event: 15.677 Thread 0x000001c066b3c1f0 Thread added: 0x000001c066b3c1f0
Event: 15.677 Thread 0x000001c066b38a40 Thread added: 0x000001c066b38a40
Event: 15.690 Thread 0x000001c06583f4a0 Thread exited: 0x000001c06583f4a0
Event: 15.690 Thread 0x000001c066b38020 Thread exited: 0x000001c066b38020
Event: 15.690 Thread 0x000001c066b3bce0 Thread exited: 0x000001c066b3bce0
Event: 15.690 Thread 0x000001c06583f9b0 Thread exited: 0x000001c06583f9b0
Event: 15.690 Thread 0x000001c066b3c1f0 Thread exited: 0x000001c066b3c1f0
Event: 15.691 Thread 0x000001c06583ef90 Thread exited: 0x000001c06583ef90
Event: 15.691 Thread 0x000001c06583ea80 Thread exited: 0x000001c06583ea80
Event: 15.691 Thread 0x000001c066b38a40 Thread exited: 0x000001c066b38a40
Event: 15.732 Thread 0x000001c06583ea80 Thread added: 0x000001c06583ea80
Event: 15.732 Thread 0x000001c06583ef90 Thread added: 0x000001c06583ef90
Event: 15.732 Thread 0x000001c06583f4a0 Thread added: 0x000001c06583f4a0
Event: 15.732 Thread 0x000001c06583f9b0 Thread added: 0x000001c06583f9b0
Event: 15.733 Thread 0x000001c066c359a0 Thread added: 0x000001c066c359a0
Event: 15.733 Thread 0x000001c066c36de0 Thread added: 0x000001c066c36de0
Event: 15.733 Thread 0x000001c066c368d0 Thread added: 0x000001c066c368d0
Event: 15.733 Thread 0x000001c066c321f0 Thread added: 0x000001c066c321f0


Dynamic libraries:
0x00007ff6f5d70000 - 0x00007ff6f5d80000 	C:\Program Files\Java\jdk-17\bin\java.exe
0x00007ffaab050000 - 0x00007ffaab248000 	C:\WINDOWS\SYSTEM32\ntdll.dll
0x00007ffaa92a0000 - 0x00007ffaa935d000 	C:\WINDOWS\System32\KERNEL32.DLL
0x00007ffaa8a50000 - 0x00007ffaa8d46000 	C:\WINDOWS\System32\KERNELBASE.dll
0x00007ffaa8e00000 - 0x00007ffaa8f00000 	C:\WINDOWS\System32\ucrtbase.dll
0x00007ffa80620000 - 0x00007ffa8063b000 	C:\Program Files\Java\jdk-17\bin\VCRUNTIME140.dll
0x00007ffa80640000 - 0x00007ffa80659000 	C:\Program Files\Java\jdk-17\bin\jli.dll
0x00007ffaa9470000 - 0x00007ffaa9520000 	C:\WINDOWS\System32\ADVAPI32.dll
0x00007ffaa9200000 - 0x00007ffaa929e000 	C:\WINDOWS\System32\msvcrt.dll
0x00007ffaa9fd0000 - 0x00007ffaaa070000 	C:\WINDOWS\System32\sechost.dll
0x00007ffaa95b0000 - 0x00007ffaa96d3000 	C:\WINDOWS\System32\RPCRT4.dll
0x00007ffaa8a20000 - 0x00007ffaa8a47000 	C:\WINDOWS\System32\bcrypt.dll
0x00007ffaa96e0000 - 0x00007ffaa987f000 	C:\WINDOWS\System32\USER32.dll
0x00007ffaa9000000 - 0x00007ffaa9022000 	C:\WINDOWS\System32\win32u.dll
0x00007ffaa9de0000 - 0x00007ffaa9e0b000 	C:\WINDOWS\System32\GDI32.dll
0x00007ffa97cd0000 - 0x00007ffa97f6a000 	C:\WINDOWS\WinSxS\amd64_microsoft.windows.common-controls_6595b64144ccf1df_6.0.19041.3636_none_60b6a03d71f818d5\COMCTL32.dll
0x00007ffaa8900000 - 0x00007ffaa8a17000 	C:\WINDOWS\System32\gdi32full.dll
0x00007ffaa8860000 - 0x00007ffaa88fd000 	C:\WINDOWS\System32\msvcp_win.dll
0x00007ffa9dde0000 - 0x00007ffa9ddea000 	C:\WINDOWS\SYSTEM32\VERSION.dll
0x00007ffaa9f30000 - 0x00007ffaa9f62000 	C:\WINDOWS\System32\IMM32.DLL
0x00007ffa80a70000 - 0x00007ffa80a7c000 	C:\Program Files\Java\jdk-17\bin\vcruntime140_1.dll
0x00007ffa447f0000 - 0x00007ffa4487e000 	C:\Program Files\Java\jdk-17\bin\msvcp140.dll
0x00007ffa43c10000 - 0x00007ffa447ef000 	C:\Program Files\Java\jdk-17\bin\server\jvm.dll
0x00007ffaa9f20000 - 0x00007ffaa9f28000 	C:\WINDOWS\System32\PSAPI.DLL
0x00007ffa93580000 - 0x00007ffa935a7000 	C:\WINDOWS\SYSTEM32\WINMM.dll
0x00007ffa940e0000 - 0x00007ffa940e9000 	C:\WINDOWS\SYSTEM32\WSOCK32.dll
0x00007ffaa9eb0000 - 0x00007ffaa9f1b000 	C:\WINDOWS\System32\WS2_32.dll
0x00007ffaa6f20000 - 0x00007ffaa6f32000 	C:\WINDOWS\SYSTEM32\kernel.appcore.dll
0x00007ffa80790000 - 0x00007ffa8079a000 	C:\Program Files\Java\jdk-17\bin\jimage.dll
0x00007ffaa6c30000 - 0x00007ffaa6e14000 	C:\WINDOWS\SYSTEM32\DBGHELP.DLL
0x00007ffa8d170000 - 0x00007ffa8d1a4000 	C:\WINDOWS\SYSTEM32\dbgcore.DLL
0x00007ffaa8f70000 - 0x00007ffaa8ff2000 	C:\WINDOWS\System32\bcryptPrimitives.dll
0x00007ffaa3860000 - 0x00007ffaa386e000 	C:\Program Files\Java\jdk-17\bin\instrument.dll
0x00007ffa807a0000 - 0x00007ffa807c5000 	C:\Program Files\Java\jdk-17\bin\java.dll
0x00007ffa449e0000 - 0x00007ffa44ab7000 	C:\Program Files\Java\jdk-17\bin\jsvml.dll
0x00007ffaaa610000 - 0x00007ffaaad7b000 	C:\WINDOWS\System32\SHELL32.dll
0x00007ffaa63c0000 - 0x00007ffaa6b5e000 	C:\WINDOWS\SYSTEM32\windows.storage.dll
0x00007ffaa9960000 - 0x00007ffaa9cb3000 	C:\WINDOWS\System32\combase.dll
0x00007ffaa8130000 - 0x00007ffaa815e000 	C:\WINDOWS\SYSTEM32\Wldp.dll
0x00007ffaa9080000 - 0x00007ffaa914d000 	C:\WINDOWS\System32\OLEAUT32.dll
0x00007ffaa9150000 - 0x00007ffaa91fd000 	C:\WINDOWS\System32\SHCORE.dll
0x00007ffaaada0000 - 0x00007ffaaadf5000 	C:\WINDOWS\System32\shlwapi.dll
0x00007ffaa8630000 - 0x00007ffaa8653000 	C:\WINDOWS\SYSTEM32\profapi.dll
0x00007ffa80690000 - 0x00007ffa806a8000 	C:\Program Files\Java\jdk-17\bin\zip.dll
0x00007ffa43ad0000 - 0x00007ffa43ae9000 	C:\Program Files\Java\jdk-17\bin\net.dll
0x00007ffa9b840000 - 0x00007ffa9b94a000 	C:\WINDOWS\SYSTEM32\WINHTTP.dll
0x00007ffaa7e90000 - 0x00007ffaa7efa000 	C:\WINDOWS\system32\mswsock.dll
0x00007ffa43ab0000 - 0x00007ffa43ac6000 	C:\Program Files\Java\jdk-17\bin\nio.dll
0x00007ffaa1cc0000 - 0x00007ffaa1cda000 	C:\Program Files\JetBrains\IntelliJ IDEA 2023.3.6\bin\breakgen64.dll
0x00007ffaa7b70000 - 0x00007ffaa7c3b000 	C:\WINDOWS\SYSTEM32\DNSAPI.dll
0x00007ffaa7b20000 - 0x00007ffaa7b5b000 	C:\WINDOWS\SYSTEM32\IPHLPAPI.DLL
0x00007ffaa9e10000 - 0x00007ffaa9e18000 	C:\WINDOWS\System32\NSI.dll
0x00007ffa9fca0000 - 0x00007ffa9fcaa000 	C:\Windows\System32\rasadhlp.dll
0x00007ffa97200000 - 0x00007ffa97280000 	C:\WINDOWS\System32\fwpuclnt.dll
0x00007ffaa1ca0000 - 0x00007ffaa1caa000 	C:\Program Files\Java\jdk-17\bin\management.dll
0x00007ffaa1c90000 - 0x00007ffaa1c9b000 	C:\Program Files\Java\jdk-17\bin\management_ext.dll
0x00007ffaa8080000 - 0x00007ffaa8098000 	C:\WINDOWS\SYSTEM32\CRYPTSP.dll
0x00007ffaa7740000 - 0x00007ffaa7774000 	C:\WINDOWS\system32\rsaenh.dll
0x00007ffaa85f0000 - 0x00007ffaa861e000 	C:\WINDOWS\SYSTEM32\USERENV.dll
0x00007ffaa80a0000 - 0x00007ffaa80ac000 	C:\WINDOWS\SYSTEM32\CRYPTBASE.dll
0x00007ffa9cc80000 - 0x00007ffa9cc97000 	C:\WINDOWS\SYSTEM32\dhcpcsvc6.DLL
0x00007ffa9f1d0000 - 0x00007ffa9f1ed000 	C:\WINDOWS\SYSTEM32\dhcpcsvc.DLL
0x00007ffa8d1b0000 - 0x00007ffa8d1c7000 	C:\WINDOWS\system32\napinsp.dll
0x00007ffa84ba0000 - 0x00007ffa84bbb000 	C:\WINDOWS\system32\pnrpnsp.dll
0x00007ffaa2c70000 - 0x00007ffaa2c85000 	C:\WINDOWS\system32\wshbth.dll
0x00007ffaa5560000 - 0x00007ffaa557d000 	C:\WINDOWS\system32\NLAapi.dll
0x00007ffa7ba20000 - 0x00007ffa7ba32000 	C:\WINDOWS\System32\winrnr.dll
0x00007ffaa1c70000 - 0x00007ffaa1c7e000 	C:\Program Files\Java\jdk-17\bin\sunmscapi.dll
0x00007ffaa8700000 - 0x00007ffaa885e000 	C:\WINDOWS\System32\CRYPT32.dll
0x00007ffaa81a0000 - 0x00007ffaa81c8000 	C:\WINDOWS\SYSTEM32\ncrypt.dll
0x00007ffaa8160000 - 0x00007ffaa819b000 	C:\WINDOWS\SYSTEM32\NTASN1.dll
0x00007ffa80670000 - 0x00007ffa80680000 	C:\Program Files\Java\jdk-17\bin\verify.dll

dbghelp: loaded successfully - version: 4.0.5 - missing functions: none
symbol engine: initialized successfully - sym options: 0x614 - pdb path: .;C:\Program Files\Java\jdk-17\bin;C:\WINDOWS\SYSTEM32;C:\WINDOWS\WinSxS\amd64_microsoft.windows.common-controls_6595b64144ccf1df_6.0.19041.3636_none_60b6a03d71f818d5;C:\Program Files\Java\jdk-17\bin\server;C:\Program Files\JetBrains\IntelliJ IDEA 2023.3.6\bin

VM Arguments:
jvm_args: -XX:TieredStopAtLevel=1 -Dspring.output.ansi.enabled=always -Dcom.sun.management.jmxremote -Dspring.jmx.enabled=true -Dspring.liveBeansView.mbeanDomain -Dspring.application.admin.enabled=true -Dmanagement.endpoints.jmx.exposure.include=* -javaagent:C:\Program Files\JetBrains\IntelliJ IDEA 2023.3.6\lib\idea_rt.jar=53486:C:\Program Files\JetBrains\IntelliJ IDEA 2023.3.6\bin -Dfile.encoding=UTF-8 
java_command: com.example.msgestion_financiera.MsGestionFinancieraApplication
java_class_path (initial): D:\u1\EVA-1RA-U\ms-gestion_financiera\target\classes;C:\Users\USER\.m2\repository\org\springframework\boot\spring-boot-starter-data-jpa\3.1.3\spring-boot-starter-data-jpa-3.1.3.jar;C:\Users\USER\.m2\repository\org\springframework\boot\spring-boot-starter-aop\3.1.3\spring-boot-starter-aop-3.1.3.jar;C:\Users\USER\.m2\repository\org\springframework\spring-aop\6.0.11\spring-aop-6.0.11.jar;C:\Users\USER\.m2\repository\org\aspectj\aspectjweaver\1.9.20\aspectjweaver-1.9.20.jar;C:\Users\USER\.m2\repository\org\springframework\boot\spring-boot-starter-jdbc\3.1.3\spring-boot-starter-jdbc-3.1.3.jar;C:\Users\USER\.m2\repository\com\zaxxer\HikariCP\5.0.1\HikariCP-5.0.1.jar;C:\Users\USER\.m2\repository\org\springframework\spring-jdbc\6.0.11\spring-jdbc-6.0.11.jar;C:\Users\USER\.m2\repository\org\hibernate\orm\hibernate-core\6.2.7.Final\hibernate-core-6.2.7.Final.jar;C:\Users\USER\.m2\repository\jakarta\persistence\jakarta.persistence-api\3.1.0\jakarta.persistence-api-3.1.0.jar;C:\Users\USER\.m2\repository\jakarta\transaction\jakarta.transaction-api\2.0.1\jakarta.transaction-api-2.0.1.jar;C:\Users\USER\.m2\repository\org\jboss\logging\jboss-logging\3.5.3.Final\jboss-logging-3.5.3.Final.jar;C:\Users\USER\.m2\repository\org\hibernate\common\hibernate-commons-annotations\6.0.6.Final\hibernate-commons-annotations-6.0.6.Final.jar;C:\Users\USER\.m2\repository\io\smallrye\jandex\3.0.5\jandex-3.0.5.jar;C:\Users\USER\.m2\repository\com\fasterxml\classmate\1.5.1\classmate-1.5.1.jar;C:\Users\USER\.m2\repository\net\bytebuddy\byte-buddy\1.14.6\byte-buddy-1.14.6.jar;C:\Users\USER\.m2\repository\org\glassfish\jaxb\jaxb-runtime\4.0.3\jaxb-runtime-4.0.3.jar;C:\Users\USER\.m2\repository\org\glassfish\jaxb\jaxb-core\4.0.3\jaxb-core-4.0.3.jar;C:\Users\USER\.m2\repository\org\eclipse\angus\angus-activation\2.0.1\angus-activation-2.0.1.jar;C:\Users\USER\.m2\repository\org\glassfish\jaxb\txw2\4.0.3\txw2-4.0.3.jar;C:\Users\USER\.m2\repository\com\sun\istack\istack-commons-ru
Launcher Type: SUN_STANDARD

[Global flags]
     intx CICompilerCount                          = 3                                         {product} {ergonomic}
     uint ConcGCThreads                            = 1                                         {product} {ergonomic}
     uint G1ConcRefinementThreads                  = 4                                         {product} {ergonomic}
   size_t G1HeapRegionSize                         = 1048576                                   {product} {ergonomic}
    uintx GCDrainStackTargetSize                   = 64                                        {product} {ergonomic}
   size_t InitialHeapSize                          = 130023424                                 {product} {ergonomic}
     bool ManagementServer                         = true                                      {product} {command line}
   size_t MarkStackSize                            = 4194304                                   {product} {ergonomic}
   size_t MaxHeapSize                              = 2048917504                                {product} {ergonomic}
   size_t MaxNewSize                               = 1228931072                                {product} {ergonomic}
   size_t MinHeapDeltaBytes                        = 1048576                                   {product} {ergonomic}
   size_t MinHeapSize                              = 8388608                                   {product} {ergonomic}
    uintx NonProfiledCodeHeapSize                  = 0                                      {pd product} {ergonomic}
     bool ProfileInterpreter                       = false                                  {pd product} {command line}
    uintx ProfiledCodeHeapSize                     = 0                                      {pd product} {ergonomic}
   size_t SoftMaxHeapSize                          = 2048917504                             {manageable} {ergonomic}
     intx TieredStopAtLevel                        = 1                                         {product} {command line}
     bool UseCompressedClassPointers               = true                           {product lp64_product} {ergonomic}
     bool UseCompressedOops                        = true                           {product lp64_product} {ergonomic}
     bool UseG1GC                                  = true                                      {product} {ergonomic}
     bool UseLargePagesIndividualAllocation        = false                                  {pd product} {ergonomic}

Logging:
Log output configuration:
 #0: stdout all=warning uptime,level,tags
 #1: stderr all=off uptime,level,tags

Environment Variables:
PATH=C:\Program Files\Common Files\Oracle\Java\javapath;C:\Program Files (x86)\Common Files\Oracle\Java\javapath;C:\WINDOWS\system32;C:\WINDOWS;C:\WINDOWS\System32\Wbem;C:\WINDOWS\System32\WindowsPowerShell\v1.0\;C:\WINDOWS\System32\OpenSSH\;C:\Program Files\Intel\WiFi\bin\;C:\Program Files\Common Files\Intel\WirelessCommon\;C:\Program Files\dotnet\;C:\Program Files\Git\cmd;C:\Program Files\nodejs\;C:\laragon\bin\php\php-8.1.10-Win32-vs16-x64;C:\composer;C:\Users\USER\AppData\Local\Microsoft\WindowsApps;C:\Users\USER\AppData\Local\Programs\Microsoft VS Code\bin;C:\Users\USER\AppData\Roaming\npm;C:\Users\USER\AppData\Roaming\Composer\vendor\bin;C:\Users\USER\AppData\Local\GitHubDesktop\bin
USERNAME=USER
OS=Windows_NT
PROCESSOR_IDENTIFIER=Intel64 Family 6 Model 61 Stepping 4, GenuineIntel



---------------  S Y S T E M  ---------------

OS:
 Windows 10 , 64 bit Build 19041 (10.0.19041.3636)
OS uptime: 0 days 6:09 hours

CPU: total 4 (initial active 4) (2 cores per cpu, 2 threads per core) family 6 model 61 stepping 4 microcode 0x2d, cx8, cmov, fxsr, ht, mmx, 3dnowpref, sse, sse2, sse3, ssse3, sse4.1, sse4.2, popcnt, lzcnt, tsc, tscinvbit, avx, avx2, aes, erms, clmul, bmi1, bmi2, adx, fma, vzeroupper, clflush

Memory: 4k page, system-wide physical 7815M (348M free)
TotalPageFile size 12815M (AvailPageFile size 158M)
current process WorkingSet (physical memory assigned to process): 287M, peak: 287M
current process commit charge ("private bytes"): 323M, peak: 583M

vm_info: Java HotSpot(TM) 64-Bit Server VM (17.0.10+11-LTS-240) for windows-amd64 JRE (17.0.10+11-LTS-240), built on Dec 19 2023 21:47:25 by "mach5one" with MS VC++ 17.1 (VS2022)

END.
