#
# There is insufficient memory for the Java Runtime Environment to continue.
# Native memory allocation (mmap) failed to map 5242880 bytes for G1 virtual space
# Possible reasons:
#   The system is out of physical RAM or swap space
#   The process is running with CompressedOops enabled, and the Java Heap may be blocking the growth of the native heap
# Possible solutions:
#   Reduce memory load on the system
#   Increase physical memory or swap space
#   Check if swap backing store is full
#   Decrease Java heap size (-Xmx/-Xms)
#   Decrease number of Java threads
#   Decrease Java thread stack sizes (-Xss)
#   Set larger code cache with -XX:ReservedCodeCacheSize=
#   JVM is running with Unscaled Compressed Oops mode in which the Java heap is
#     placed in the first 4GB address space. The Java Heap base address is the
#     maximum limit for the native heap growth. Please use -XX:HeapBaseMinAddress
#     to set the Java Heap base and to place the Java Heap above 4GB virtual address.
# This output file may be truncated or incomplete.
#
#  Out of Memory Error (os_windows.cpp:3548), pid=8496, tid=14440
#
# JRE version: Java(TM) SE Runtime Environment (17.0.10+11) (build 17.0.10+11-LTS-240)
# Java VM: Java HotSpot(TM) 64-Bit Server VM (17.0.10+11-LTS-240, mixed mode, emulated-client, sharing, tiered, compressed oops, compressed class ptrs, g1 gc, windows-amd64)
# No core dump will be written. Minidumps are not enabled by default on client versions of Windows
#

---------------  S U M M A R Y ------------

Command Line: -XX:TieredStopAtLevel=1 -Dspring.output.ansi.enabled=always -Dcom.sun.management.jmxremote -Dspring.jmx.enabled=true -Dspring.liveBeansView.mbeanDomain -Dspring.application.admin.enabled=true -Dmanagement.endpoints.jmx.exposure.include=* -javaagent:C:\Program Files\JetBrains\IntelliJ IDEA 2023.3.6\lib\idea_rt.jar=55674:C:\Program Files\JetBrains\IntelliJ IDEA 2023.3.6\bin -Dfile.encoding=UTF-8 com.example.mscomunicaciones_alertas.MsComunicacionesAlertasApplication

Host: Intel(R) Core(TM) i3-5005U CPU @ 2.00GHz, 4 cores, 7G,  Windows 10 , 64 bit Build 19041 (10.0.19041.3636)
Time: Sun Apr 21 00:23:31 2024 Hora est. Pacífico, Sudamérica elapsed time: 15.118854 seconds (0d 0h 0m 15s)

---------------  T H R E A D  ---------------

Current thread (0x00000207e05b9020):  VMThread "VM Thread" [stack: 0x0000008b2fb00000,0x0000008b2fc00000] [id=14440]

Stack: [0x0000008b2fb00000,0x0000008b2fc00000]
Native frames: (J=compiled Java code, j=interpreted, Vv=VM code, C=native code)
V  [jvm.dll+0x677a5a]
V  [jvm.dll+0x7d8b2d]
V  [jvm.dll+0x7da48e]
V  [jvm.dll+0x7daaf3]
V  [jvm.dll+0x2455ff]
V  [jvm.dll+0x6749b9]
V  [jvm.dll+0x669382]
V  [jvm.dll+0x302e96]
V  [jvm.dll+0x30a416]
V  [jvm.dll+0x359cbe]
V  [jvm.dll+0x359eef]
V  [jvm.dll+0x2d9e88]
V  [jvm.dll+0x2d8295]
V  [jvm.dll+0x2d789c]
V  [jvm.dll+0x31b18b]
V  [jvm.dll+0x7df30b]
V  [jvm.dll+0x7e0044]
V  [jvm.dll+0x7e055d]
V  [jvm.dll+0x7e0934]
V  [jvm.dll+0x7e0a00]
V  [jvm.dll+0x78888a]
V  [jvm.dll+0x676935]
C  [ucrtbase.dll+0x21bb2]
C  [KERNEL32.DLL+0x17344]
C  [ntdll.dll+0x526b1]

VM_Operation (0x0000008b317fd8e0): G1CollectForAllocation, mode: safepoint, requested by thread 0x00000207e6d9ce20


---------------  P R O C E S S  ---------------

Threads class SMR info:
_java_thread_list=0x00000207e6fc5970, length=30, elements={
0x00000207cf19b5d0, 0x00000207e05c1610, 0x00000207e05c21a0, 0x00000207e05d6580,
0x00000207e05d9350, 0x00000207e05d9fd0, 0x00000207e05dac50, 0x00000207e05e8c40,
0x00000207e05ed580, 0x00000207e08a8170, 0x00000207e08af8e0, 0x00000207e5307580,
0x00000207e5307a60, 0x00000207e5382ab0, 0x00000207e5779860, 0x00000207e5fe8a60,
0x00000207e63a7020, 0x00000207e5f3ccb0, 0x00000207e6140490, 0x00000207e613ff80,
0x00000207e613f050, 0x00000207e613f560, 0x00000207e6d9ce20, 0x00000207e6d9f6a0,
0x00000207e6d9f190, 0x00000207e6d9d330, 0x00000207e6d9fbb0, 0x00000207e6d9d840,
0x00000207e6d9dd50, 0x00000207e6da00c0
}

Java Threads: ( => current thread )
  0x00000207cf19b5d0 JavaThread "main" [_thread_blocked, id=7796, stack(0x0000008b2f500000,0x0000008b2f600000)]
  0x00000207e05c1610 JavaThread "Reference Handler" daemon [_thread_blocked, id=4212, stack(0x0000008b2fc00000,0x0000008b2fd00000)]
  0x00000207e05c21a0 JavaThread "Finalizer" daemon [_thread_blocked, id=14548, stack(0x0000008b2fd00000,0x0000008b2fe00000)]
  0x00000207e05d6580 JavaThread "Signal Dispatcher" daemon [_thread_blocked, id=14628, stack(0x0000008b2fe00000,0x0000008b2ff00000)]
  0x00000207e05d9350 JavaThread "Attach Listener" daemon [_thread_blocked, id=12028, stack(0x0000008b2ff00000,0x0000008b30000000)]
  0x00000207e05d9fd0 JavaThread "Service Thread" daemon [_thread_blocked, id=13952, stack(0x0000008b30000000,0x0000008b30100000)]
  0x00000207e05dac50 JavaThread "Monitor Deflation Thread" daemon [_thread_blocked, id=6536, stack(0x0000008b30100000,0x0000008b30200000)]
  0x00000207e05e8c40 JavaThread "C1 CompilerThread0" daemon [_thread_blocked, id=7944, stack(0x0000008b30200000,0x0000008b30300000)]
  0x00000207e05ed580 JavaThread "Sweeper thread" daemon [_thread_blocked, id=9748, stack(0x0000008b30300000,0x0000008b30400000)]
  0x00000207e08a8170 JavaThread "Common-Cleaner" daemon [_thread_blocked, id=1500, stack(0x0000008b30400000,0x0000008b30500000)]
  0x00000207e08af8e0 JavaThread "C1 CompilerThread1" daemon [_thread_blocked, id=13080, stack(0x0000008b30500000,0x0000008b30600000)]
  0x00000207e5307580 JavaThread "Monitor Ctrl-Break" daemon [_thread_in_native, id=6044, stack(0x0000008b30600000,0x0000008b30700000)]
  0x00000207e5307a60 JavaThread "Notification Thread" daemon [_thread_blocked, id=11812, stack(0x0000008b30700000,0x0000008b30800000)]
  0x00000207e5382ab0 JavaThread "RMI TCP Accept-0" daemon [_thread_in_native, id=1688, stack(0x0000008b30b00000,0x0000008b30c00000)]
  0x00000207e5779860 JavaThread "Keep-Alive-Timer" daemon [_thread_blocked, id=5936, stack(0x0000008b30d00000,0x0000008b30e00000)]
  0x00000207e5fe8a60 JavaThread "C1 CompilerThread2" daemon [_thread_blocked, id=7412, stack(0x0000008b30f00000,0x0000008b31000000)]
  0x00000207e63a7020 JavaThread "Catalina-utility-1" [_thread_blocked, id=10456, stack(0x0000008b31100000,0x0000008b31200000)]
  0x00000207e5f3ccb0 JavaThread "Catalina-utility-2" [_thread_blocked, id=12168, stack(0x0000008b31200000,0x0000008b31300000)]
  0x00000207e6140490 JavaThread "container-0" [_thread_blocked, id=8312, stack(0x0000008b31300000,0x0000008b31400000)]
  0x00000207e613ff80 JavaThread "mysql-cj-abandoned-connection-cleanup" daemon [_thread_blocked, id=12060, stack(0x0000008b31400000,0x0000008b31500000)]
  0x00000207e613f050 JavaThread "HikariPool-1 housekeeper" daemon [_thread_blocked, id=15304, stack(0x0000008b31500000,0x0000008b31600000)]
  0x00000207e613f560 JavaThread "HikariPool-1 connection adder" daemon [_thread_blocked, id=2980, stack(0x0000008b31600000,0x0000008b31700000)]
  0x00000207e6d9ce20 JavaThread "ClassGraph-worker-0" daemon [_thread_blocked, id=2456, stack(0x0000008b31700000,0x0000008b31800000)]
  0x00000207e6d9f6a0 JavaThread "ClassGraph-worker-1" daemon [_thread_blocked, id=6876, stack(0x0000008b31800000,0x0000008b31900000)]
  0x00000207e6d9f190 JavaThread "ClassGraph-worker-2" daemon [_thread_blocked, id=13096, stack(0x0000008b31900000,0x0000008b31a00000)]
  0x00000207e6d9d330 JavaThread "ClassGraph-worker-3" daemon [_thread_blocked, id=2556, stack(0x0000008b31a00000,0x0000008b31b00000)]
  0x00000207e6d9fbb0 JavaThread "ClassGraph-worker-4" daemon [_thread_blocked, id=14140, stack(0x0000008b31b00000,0x0000008b31c00000)]
  0x00000207e6d9d840 JavaThread "ClassGraph-worker-5" daemon [_thread_blocked, id=1424, stack(0x0000008b31c00000,0x0000008b31d00000)]
  0x00000207e6d9dd50 JavaThread "ClassGraph-worker-6" daemon [_thread_blocked, id=6800, stack(0x0000008b31d00000,0x0000008b31e00000)]
  0x00000207e6da00c0 JavaThread "ClassGraph-worker-7" daemon [_thread_blocked, id=14852, stack(0x0000008b31e00000,0x0000008b31f00000)]

Other Threads:
=>0x00000207e05b9020 VMThread "VM Thread" [stack: 0x0000008b2fb00000,0x0000008b2fc00000] [id=14440]
  0x00000207cf20e170 WatcherThread [stack: 0x0000008b30c00000,0x0000008b30d00000] [id=13208]
  0x00000207cf1f3c30 GCTaskThread "GC Thread#0" [stack: 0x0000008b2f600000,0x0000008b2f700000] [id=8352]
  0x00000207e53d4b90 GCTaskThread "GC Thread#1" [stack: 0x0000008b30800000,0x0000008b30900000] [id=2364]
  0x00000207e53f0120 GCTaskThread "GC Thread#2" [stack: 0x0000008b30900000,0x0000008b30a00000] [id=7348]
  0x00000207e53f03e0 GCTaskThread "GC Thread#3" [stack: 0x0000008b30a00000,0x0000008b30b00000] [id=7892]
  0x00000207cf204ee0 ConcurrentGCThread "G1 Main Marker" [stack: 0x0000008b2f700000,0x0000008b2f800000] [id=13736]
  0x00000207cf206fb0 ConcurrentGCThread "G1 Conc#0" [stack: 0x0000008b2f800000,0x0000008b2f900000] [id=884]
  0x00000207cf25eaf0 ConcurrentGCThread "G1 Refine#0" [stack: 0x0000008b2f900000,0x0000008b2fa00000] [id=10396]
  0x00000207e07db570 ConcurrentGCThread "G1 Refine#1" [stack: 0x0000008b31000000,0x0000008b31100000] [id=14684]
  0x00000207e0421600 ConcurrentGCThread "G1 Service" [stack: 0x0000008b2fa00000,0x0000008b2fb00000] [id=12756]

Threads with active compile tasks:

VM state: at safepoint (normal execution)

VM Mutex/Monitor currently owned by a thread:  ([mutex/lock_event])
[0x00000207cf197ac0] Threads_lock - owner thread: 0x00000207e05b9020
[0x00000207cf197370] Heap_lock - owner thread: 0x00000207e6d9ce20

Heap address: 0x0000000085e00000, size: 1954 MB, Compressed Oops mode: 32-bit

CDS archive(s) mapped at: [0x0000020780000000-0x0000020780bd0000-0x0000020780bd0000), size 12386304, SharedBaseAddress: 0x0000020780000000, ArchiveRelocationMode: 1.
Compressed class space mapped at: 0x0000020781000000-0x00000207c1000000, reserved size: 1073741824
Narrow klass base: 0x0000020780000000, Narrow klass shift: 0, Narrow klass range: 0x100000000

GC Precious Log:
 CPUs: 4 total, 4 available
 Memory: 7815M
 Large Page Support: Disabled
 NUMA Support: Disabled
 Compressed Oops: Enabled (32-bit)
 Heap Region Size: 1M
 Heap Min Capacity: 8M
 Heap Initial Capacity: 124M
 Heap Max Capacity: 1954M
 Pre-touch: Disabled
 Parallel Workers: 4
 Concurrent Workers: 1
 Concurrent Refinement Workers: 4
 Periodic GC: Disabled

Heap:
 garbage-first heap   total 70656K, used 38632K [0x0000000085e00000, 0x0000000100000000)
  region size 1024K, 3 young (3072K), 3 survivors (3072K)
 Metaspace       used 68978K, committed 69504K, reserved 1114112K
  class space    used 9857K, committed 10112K, reserved 1048576K

Heap Regions: E=young(eden), S=young(survivor), O=old, HS=humongous(starts), HC=humongous(continues), CS=collection set, F=free, OA=open archive, CA=closed archive, TAMS=top-at-mark-start (previous, next)
|   0|0x0000000085e00000, 0x0000000085f00000, 0x0000000085f00000|100%|HS|  |TAMS 0x0000000085f00000, 0x0000000085f00000| Complete 
|   1|0x0000000085f00000, 0x0000000086000000, 0x0000000086000000|100%| O|  |TAMS 0x0000000086000000, 0x0000000086000000| Untracked 
|   2|0x0000000086000000, 0x0000000086100000, 0x0000000086100000|100%| O|  |TAMS 0x0000000086100000, 0x0000000086100000| Untracked 
|   3|0x0000000086100000, 0x0000000086200000, 0x0000000086200000|100%| O|  |TAMS 0x0000000086200000, 0x0000000086200000| Untracked 
|   4|0x0000000086200000, 0x0000000086300000, 0x0000000086300000|100%| O|  |TAMS 0x0000000086300000, 0x0000000086300000| Untracked 
|   5|0x0000000086300000, 0x0000000086400000, 0x0000000086400000|100%| O|  |TAMS 0x0000000086400000, 0x0000000086400000| Untracked 
|   6|0x0000000086400000, 0x0000000086500000, 0x0000000086500000|100%| O|  |TAMS 0x0000000086500000, 0x0000000086500000| Untracked 
|   7|0x0000000086500000, 0x0000000086600000, 0x0000000086600000|100%| O|  |TAMS 0x0000000086600000, 0x0000000086600000| Untracked 
|   8|0x0000000086600000, 0x000000008666aa00, 0x0000000086700000| 41%| O|  |TAMS 0x000000008666aa00, 0x000000008666aa00| Untracked 
|   9|0x0000000086700000, 0x0000000086800000, 0x0000000086800000|100%| O|  |TAMS 0x0000000086800000, 0x0000000086800000| Untracked 
|  10|0x0000000086800000, 0x0000000086900000, 0x0000000086900000|100%| O|  |TAMS 0x0000000086900000, 0x0000000086900000| Untracked 
|  11|0x0000000086900000, 0x0000000086a00000, 0x0000000086a00000|100%| O|  |TAMS 0x0000000086a00000, 0x0000000086a00000| Untracked 
|  12|0x0000000086a00000, 0x0000000086b00000, 0x0000000086b00000|100%| O|  |TAMS 0x0000000086b00000, 0x0000000086b00000| Untracked 
|  13|0x0000000086b00000, 0x0000000086c00000, 0x0000000086c00000|100%| O|  |TAMS 0x0000000086c00000, 0x0000000086c00000| Untracked 
|  14|0x0000000086c00000, 0x0000000086d00000, 0x0000000086d00000|100%| O|  |TAMS 0x0000000086d00000, 0x0000000086d00000| Untracked 
|  15|0x0000000086d00000, 0x0000000086e00000, 0x0000000086e00000|100%| O|  |TAMS 0x0000000086e00000, 0x0000000086e00000| Untracked 
|  16|0x0000000086e00000, 0x0000000086f00000, 0x0000000086f00000|100%| O|  |TAMS 0x0000000086f00000, 0x0000000086f00000| Untracked 
|  17|0x0000000086f00000, 0x0000000087000000, 0x0000000087000000|100%| O|  |TAMS 0x0000000087000000, 0x0000000087000000| Untracked 
|  18|0x0000000087000000, 0x0000000087100000, 0x0000000087100000|100%| O|  |TAMS 0x0000000087100000, 0x0000000087100000| Untracked 
|  19|0x0000000087100000, 0x0000000087200000, 0x0000000087200000|100%| O|  |TAMS 0x0000000087200000, 0x0000000087200000| Untracked 
|  20|0x0000000087200000, 0x0000000087300000, 0x0000000087300000|100%| O|  |TAMS 0x0000000087300000, 0x0000000087300000| Untracked 
|  21|0x0000000087300000, 0x0000000087400000, 0x0000000087400000|100%| O|  |TAMS 0x0000000087400000, 0x0000000087400000| Untracked 
|  22|0x0000000087400000, 0x0000000087500000, 0x0000000087500000|100%| O|  |TAMS 0x0000000087466400, 0x0000000087500000| Untracked 
|  23|0x0000000087500000, 0x0000000087600000, 0x0000000087600000|100%| O|  |TAMS 0x0000000087500000, 0x0000000087600000| Untracked 
|  24|0x0000000087600000, 0x0000000087700000, 0x0000000087700000|100%| O|  |TAMS 0x0000000087600000, 0x0000000087700000| Untracked 
|  25|0x0000000087700000, 0x0000000087800000, 0x0000000087800000|100%| O|  |TAMS 0x0000000087700000, 0x0000000087800000| Untracked 
|  26|0x0000000087800000, 0x0000000087900000, 0x0000000087900000|100%| O|  |TAMS 0x0000000087800000, 0x0000000087900000| Untracked 
|  27|0x0000000087900000, 0x0000000087a00000, 0x0000000087a00000|100%| O|  |TAMS 0x0000000087900000, 0x0000000087a00000| Untracked 
|  28|0x0000000087a00000, 0x0000000087b00000, 0x0000000087b00000|100%| O|  |TAMS 0x0000000087a00000, 0x0000000087b00000| Untracked 
|  29|0x0000000087b00000, 0x0000000087b00000, 0x0000000087c00000|  0%| F|  |TAMS 0x0000000087b00000, 0x0000000087b00000| Untracked 
|  30|0x0000000087c00000, 0x0000000087d00000, 0x0000000087d00000|100%| O|  |TAMS 0x0000000087c00000, 0x0000000087d00000| Untracked 
|  31|0x0000000087d00000, 0x0000000087e00000, 0x0000000087e00000|100%| O|  |TAMS 0x0000000087d00000, 0x0000000087d33200| Untracked 
|  32|0x0000000087e00000, 0x0000000087f00000, 0x0000000087f00000|100%| O|  |TAMS 0x0000000087e00000, 0x0000000087e00000| Untracked 
|  33|0x0000000087f00000, 0x0000000088000000, 0x0000000088000000|100%| O|  |TAMS 0x0000000087f00000, 0x0000000087f00000| Untracked 
|  34|0x0000000088000000, 0x0000000088100000, 0x0000000088100000|100%| O|  |TAMS 0x0000000088000000, 0x0000000088000000| Untracked 
|  35|0x0000000088100000, 0x0000000088200000, 0x0000000088200000|100%| O|  |TAMS 0x0000000088100000, 0x0000000088100000| Untracked 
|  36|0x0000000088200000, 0x000000008824f800, 0x0000000088300000| 31%| O|  |TAMS 0x0000000088200000, 0x0000000088200000| Untracked 
|  37|0x0000000088300000, 0x0000000088300000, 0x0000000088400000|  0%| F|  |TAMS 0x0000000088300000, 0x0000000088300000| Untracked 
|  38|0x0000000088400000, 0x0000000088400000, 0x0000000088500000|  0%| F|  |TAMS 0x0000000088400000, 0x0000000088400000| Untracked 
|  39|0x0000000088500000, 0x0000000088500000, 0x0000000088600000|  0%| F|  |TAMS 0x0000000088500000, 0x0000000088500000| Untracked 
|  40|0x0000000088600000, 0x0000000088600000, 0x0000000088700000|  0%| F|  |TAMS 0x0000000088600000, 0x0000000088600000| Untracked 
|  41|0x0000000088700000, 0x0000000088700000, 0x0000000088800000|  0%| F|  |TAMS 0x0000000088700000, 0x0000000088700000| Untracked 
|  42|0x0000000088800000, 0x0000000088800000, 0x0000000088900000|  0%| F|  |TAMS 0x0000000088800000, 0x0000000088800000| Untracked 
|  43|0x0000000088900000, 0x0000000088900000, 0x0000000088a00000|  0%| F|  |TAMS 0x0000000088900000, 0x0000000088900000| Untracked 
|  44|0x0000000088a00000, 0x0000000088a00000, 0x0000000088b00000|  0%| F|  |TAMS 0x0000000088a00000, 0x0000000088a00000| Untracked 
|  45|0x0000000088b00000, 0x0000000088b00000, 0x0000000088c00000|  0%| F|  |TAMS 0x0000000088b00000, 0x0000000088b00000| Untracked 
|  46|0x0000000088c00000, 0x0000000088d00000, 0x0000000088d00000|100%| S|CS|TAMS 0x0000000088c00000, 0x0000000088c00000| Complete 
|  47|0x0000000088d00000, 0x0000000088e00000, 0x0000000088e00000|100%| S|CS|TAMS 0x0000000088d00000, 0x0000000088d00000| Complete 
|  48|0x0000000088e00000, 0x0000000088f00000, 0x0000000088f00000|100%| S|CS|TAMS 0x0000000088e00000, 0x0000000088e00000| Complete 
|  49|0x0000000088f00000, 0x0000000088f00000, 0x0000000089000000|  0%| F|  |TAMS 0x0000000088f00000, 0x0000000088f00000| Untracked 
|  50|0x0000000089000000, 0x0000000089000000, 0x0000000089100000|  0%| F|  |TAMS 0x0000000089000000, 0x0000000089000000| Untracked 
|  51|0x0000000089100000, 0x0000000089100000, 0x0000000089200000|  0%| F|  |TAMS 0x0000000089100000, 0x0000000089100000| Untracked 
|  52|0x0000000089200000, 0x0000000089200000, 0x0000000089300000|  0%| F|  |TAMS 0x0000000089200000, 0x0000000089200000| Untracked 
|  53|0x0000000089300000, 0x0000000089300000, 0x0000000089400000|  0%| F|  |TAMS 0x0000000089300000, 0x0000000089300000| Untracked 
|  54|0x0000000089400000, 0x0000000089400000, 0x0000000089500000|  0%| F|  |TAMS 0x0000000089400000, 0x0000000089400000| Untracked 
|  55|0x0000000089500000, 0x0000000089500000, 0x0000000089600000|  0%| F|  |TAMS 0x0000000089500000, 0x0000000089500000| Untracked 
|  56|0x0000000089600000, 0x0000000089600000, 0x0000000089700000|  0%| F|  |TAMS 0x0000000089600000, 0x0000000089600000| Untracked 
|  57|0x0000000089700000, 0x0000000089700000, 0x0000000089800000|  0%| F|  |TAMS 0x0000000089700000, 0x0000000089700000| Untracked 
|  58|0x0000000089800000, 0x0000000089800000, 0x0000000089900000|  0%| F|  |TAMS 0x0000000089800000, 0x0000000089800000| Untracked 
|  59|0x0000000089900000, 0x0000000089900000, 0x0000000089a00000|  0%| F|  |TAMS 0x0000000089900000, 0x0000000089900000| Untracked 
|  60|0x0000000089a00000, 0x0000000089a00000, 0x0000000089b00000|  0%| F|  |TAMS 0x0000000089a00000, 0x0000000089a00000| Untracked 
|  66|0x000000008a000000, 0x000000008a000000, 0x000000008a100000|  0%| F|  |TAMS 0x000000008a000000, 0x000000008a000000| Untracked 
|  67|0x000000008a100000, 0x000000008a100000, 0x000000008a200000|  0%| F|  |TAMS 0x000000008a100000, 0x000000008a100000| Untracked 
|  68|0x000000008a200000, 0x000000008a200000, 0x000000008a300000|  0%| F|  |TAMS 0x000000008a200000, 0x000000008a200000| Untracked 
|  69|0x000000008a300000, 0x000000008a300000, 0x000000008a400000|  0%| F|  |TAMS 0x000000008a300000, 0x000000008a300000| Untracked 
|  70|0x000000008a400000, 0x000000008a400000, 0x000000008a500000|  0%| F|  |TAMS 0x000000008a400000, 0x000000008a400000| Untracked 
|  71|0x000000008a500000, 0x000000008a500000, 0x000000008a600000|  0%| F|  |TAMS 0x000000008a500000, 0x000000008a500000| Untracked 
| 122|0x000000008d800000, 0x000000008d800000, 0x000000008d900000|  0%| F|  |TAMS 0x000000008d800000, 0x000000008d800000| Untracked 
| 123|0x000000008d900000, 0x000000008d900000, 0x000000008da00000|  0%| F|  |TAMS 0x000000008d900000, 0x000000008d900000| Untracked 

Card table byte_map: [0x00000207d9e20000,0x00000207da200000] _byte_map_base: 0x00000207d99f1000

Marking Bits (Prev, Next): (CMBitMap*) 0x00000207cf1f51b0, (CMBitMap*) 0x00000207cf1f5170
 Prev Bits: [0x00000207dc470000, 0x00000207de2f8000)
 Next Bits: [0x00000207da5e0000, 0x00000207dc468000)

Polling page: 0x00000207cd0f0000

Metaspace:

Usage:
  Non-class:     57.74 MB used.
      Class:      9.63 MB used.
       Both:     67.36 MB used.

Virtual space:
  Non-class space:       64.00 MB reserved,      58.00 MB ( 91%) committed,  1 nodes.
      Class space:        1.00 GB reserved,       9.88 MB ( <1%) committed,  1 nodes.
             Both:        1.06 GB reserved,      67.88 MB (  6%) committed. 

Chunk freelists:
   Non-Class:  6.03 MB
       Class:  6.08 MB
        Both:  12.11 MB

MaxMetaspaceSize: unlimited
CompressedClassSpaceSize: 1.00 GB
Initial GC threshold: 21.00 MB
Current GC threshold: 75.75 MB
CDS: on
MetaspaceReclaimPolicy: balanced
 - commit_granule_bytes: 65536.
 - commit_granule_words: 8192.
 - virtual_space_node_default_size: 8388608.
 - enlarge_chunks_in_place: 1.
 - new_chunks_are_fully_committed: 0.
 - uncommit_free_chunks: 1.
 - use_allocation_guard: 0.
 - handle_deallocations: 1.


Internal statistics:

num_allocs_failed_limit: 9.
num_arena_births: 740.
num_arena_deaths: 0.
num_vsnodes_births: 2.
num_vsnodes_deaths: 0.
num_space_committed: 1086.
num_space_uncommitted: 0.
num_chunks_returned_to_freelist: 9.
num_chunks_taken_from_freelist: 3109.
num_chunk_merges: 9.
num_chunk_splits: 2310.
num_chunks_enlarged: 1853.
num_inconsistent_stats: 0.

CodeCache: size=49152Kb used=11642Kb max_used=11642Kb free=37509Kb
 bounds [0x00000207d6a40000, 0x00000207d75a0000, 0x00000207d9a40000]
 total_blobs=6528 nmethods=5842 adapters=610
 compilation: disabled (not enough contiguous free space left)
              stopped_count=1, restarted_count=0
 full_count=1

Compilation events (20 events):
Event: 15.059 Thread 0x00000207e5fe8a60 nmethod 5834 0x00000207d758b590 code [0x00000207d758b780, 0x00000207d758ba98]
Event: 15.060 Thread 0x00000207e5fe8a60 5835 %     1       nonapi.io.github.classgraph.fastzipfilereader.LogicalZipFile::parseManifest @ 967 (1070 bytes)
Event: 15.067 Thread 0x00000207e05e8c40 5836       1       nonapi.io.github.classgraph.fileslice.reader.RandomAccessFileChannelReader::readUnsignedShort (50 bytes)
Event: 15.067 Thread 0x00000207e05e8c40 nmethod 5836 0x00000207d758bc90 code [0x00000207d758be40, 0x00000207d758c018]
Event: 15.068 Thread 0x00000207e08af8e0 nmethod 5833% 0x00000207d758c110 code [0x00000207d758cc20, 0x00000207d7591a88]
Event: 15.068 Thread 0x00000207e05e8c40 5837       1       java.util.AbstractMap$SimpleEntry::getKey (5 bytes)
Event: 15.068 Thread 0x00000207e08af8e0 5838       1       java.util.AbstractMap$SimpleEntry::getValue (5 bytes)
Event: 15.068 Thread 0x00000207e5fe8a60 nmethod 5835% 0x00000207d7594890 code [0x00000207d7595040, 0x00000207d7597a08]
Event: 15.068 Thread 0x00000207e08af8e0 nmethod 5838 0x00000207d7598f90 code [0x00000207d7599120, 0x00000207d75991f8]
Event: 15.068 Thread 0x00000207e05e8c40 nmethod 5837 0x00000207d7599290 code [0x00000207d7599420, 0x00000207d75994f8]
Event: 15.068 Thread 0x00000207e5fe8a60 5839   !   1       io.github.classgraph.ClasspathElementZip::open (1079 bytes)
Event: 15.069 Thread 0x00000207e08af8e0 5840       1       java.lang.Class::getSimpleName (26 bytes)
Event: 15.069 Thread 0x00000207e08af8e0 nmethod 5840 0x00000207d7599590 code [0x00000207d7599740, 0x00000207d75998b8]
Event: 15.070 Thread 0x00000207e08af8e0 5841       1       sun.nio.fs.WindowsPath::hashCode (52 bytes)
Event: 15.071 Thread 0x00000207e08af8e0 nmethod 5841 0x00000207d7599990 code [0x00000207d7599b60, 0x00000207d7599e98]
Event: 15.072 Thread 0x00000207e05e8c40 5842       1       nonapi.io.github.classgraph.fastzipfilereader.LogicalZipFile::parseManifest (1070 bytes)
Event: 15.072 Thread 0x00000207e08af8e0 5843       1       java.util.concurrent.locks.AbstractQueuedSynchronizer::releaseShared (19 bytes)
Event: 15.073 Thread 0x00000207e08af8e0 nmethod 5843 0x00000207d759a090 code [0x00000207d759a240, 0x00000207d759a438]
Event: 15.085 Thread 0x00000207e05e8c40 nmethod 5842 0x00000207d759a590 code [0x00000207d759ad20, 0x00000207d759d4a8]
Event: 15.085 Thread 0x00000207e5fe8a60 


GC Heap History (20 events):
Event: 6.606 GC heap after
{Heap after GC invocations=7 (full 0):
 garbage-first heap   total 58368K, used 17772K [0x0000000085e00000, 0x0000000100000000)
  region size 1024K, 2 young (2048K), 2 survivors (2048K)
 Metaspace       used 26501K, committed 26816K, reserved 1114112K
  class space    used 3630K, committed 3776K, reserved 1048576K
}
Event: 7.297 GC heap before
{Heap before GC invocations=7 (full 0):
 garbage-first heap   total 58368K, used 40300K [0x0000000085e00000, 0x0000000100000000)
  region size 1024K, 24 young (24576K), 2 survivors (2048K)
 Metaspace       used 29588K, committed 30016K, reserved 1114112K
  class space    used 4202K, committed 4352K, reserved 1048576K
}
Event: 7.310 GC heap after
{Heap after GC invocations=8 (full 0):
 garbage-first heap   total 70656K, used 19220K [0x0000000085e00000, 0x0000000100000000)
  region size 1024K, 3 young (3072K), 3 survivors (3072K)
 Metaspace       used 29588K, committed 30016K, reserved 1114112K
  class space    used 4202K, committed 4352K, reserved 1048576K
}
Event: 8.500 GC heap before
{Heap before GC invocations=8 (full 0):
 garbage-first heap   total 70656K, used 53012K [0x0000000085e00000, 0x0000000100000000)
  region size 1024K, 35 young (35840K), 3 survivors (3072K)
 Metaspace       used 34759K, committed 35200K, reserved 1114112K
  class space    used 4931K, committed 5184K, reserved 1048576K
}
Event: 8.514 GC heap after
{Heap after GC invocations=9 (full 0):
 garbage-first heap   total 70656K, used 22698K [0x0000000085e00000, 0x0000000100000000)
  region size 1024K, 5 young (5120K), 5 survivors (5120K)
 Metaspace       used 34759K, committed 35200K, reserved 1114112K
  class space    used 4931K, committed 5184K, reserved 1048576K
}
Event: 8.897 GC heap before
{Heap before GC invocations=9 (full 0):
 garbage-first heap   total 70656K, used 32938K [0x0000000085e00000, 0x0000000100000000)
  region size 1024K, 16 young (16384K), 5 survivors (5120K)
 Metaspace       used 35981K, committed 36416K, reserved 1114112K
  class space    used 5101K, committed 5312K, reserved 1048576K
}
Event: 8.908 GC heap after
{Heap after GC invocations=10 (full 0):
 garbage-first heap   total 70656K, used 23184K [0x0000000085e00000, 0x0000000100000000)
  region size 1024K, 1 young (1024K), 1 survivors (1024K)
 Metaspace       used 35981K, committed 36416K, reserved 1114112K
  class space    used 5101K, committed 5312K, reserved 1048576K
}
Event: 10.392 GC heap before
{Heap before GC invocations=11 (full 0):
 garbage-first heap   total 70656K, used 52880K [0x0000000085e00000, 0x0000000100000000)
  region size 1024K, 30 young (30720K), 1 survivors (1024K)
 Metaspace       used 45307K, committed 45760K, reserved 1114112K
  class space    used 6384K, committed 6592K, reserved 1048576K
}
Event: 10.402 GC heap after
{Heap after GC invocations=12 (full 0):
 garbage-first heap   total 70656K, used 25651K [0x0000000085e00000, 0x0000000100000000)
  region size 1024K, 4 young (4096K), 4 survivors (4096K)
 Metaspace       used 45307K, committed 45760K, reserved 1114112K
  class space    used 6384K, committed 6592K, reserved 1048576K
}
Event: 11.420 GC heap before
{Heap before GC invocations=13 (full 0):
 garbage-first heap   total 70656K, used 53299K [0x0000000085e00000, 0x0000000100000000)
  region size 1024K, 31 young (31744K), 4 survivors (4096K)
 Metaspace       used 52979K, committed 53376K, reserved 1114112K
  class space    used 7432K, committed 7616K, reserved 1048576K
}
Event: 11.428 GC heap after
{Heap after GC invocations=14 (full 0):
 garbage-first heap   total 70656K, used 27624K [0x0000000085e00000, 0x0000000100000000)
  region size 1024K, 2 young (2048K), 2 survivors (2048K)
 Metaspace       used 52979K, committed 53376K, reserved 1114112K
  class space    used 7432K, committed 7616K, reserved 1048576K
}
Event: 12.299 GC heap before
{Heap before GC invocations=14 (full 0):
 garbage-first heap   total 70656K, used 53224K [0x0000000085e00000, 0x0000000100000000)
  region size 1024K, 28 young (28672K), 2 survivors (2048K)
 Metaspace       used 59888K, committed 60352K, reserved 1114112K
  class space    used 8623K, committed 8832K, reserved 1048576K
}
Event: 12.304 GC heap after
{Heap after GC invocations=15 (full 0):
 garbage-first heap   total 70656K, used 28493K [0x0000000085e00000, 0x0000000100000000)
  region size 1024K, 3 young (3072K), 3 survivors (3072K)
 Metaspace       used 59888K, committed 60352K, reserved 1114112K
  class space    used 8623K, committed 8832K, reserved 1048576K
}
Event: 13.135 GC heap before
{Heap before GC invocations=15 (full 0):
 garbage-first heap   total 70656K, used 55117K [0x0000000085e00000, 0x0000000100000000)
  region size 1024K, 29 young (29696K), 3 survivors (3072K)
 Metaspace       used 64911K, committed 65472K, reserved 1114112K
  class space    used 9314K, committed 9600K, reserved 1048576K
}
Event: 13.146 GC heap after
{Heap after GC invocations=16 (full 0):
 garbage-first heap   total 70656K, used 30297K [0x0000000085e00000, 0x0000000100000000)
  region size 1024K, 3 young (3072K), 3 survivors (3072K)
 Metaspace       used 64911K, committed 65472K, reserved 1114112K
  class space    used 9314K, committed 9600K, reserved 1048576K
}
Event: 14.304 GC heap before
{Heap before GC invocations=16 (full 0):
 garbage-first heap   total 70656K, used 55897K [0x0000000085e00000, 0x0000000100000000)
  region size 1024K, 28 young (28672K), 3 survivors (3072K)
 Metaspace       used 66224K, committed 66816K, reserved 1114112K
  class space    used 9494K, committed 9792K, reserved 1048576K
}
Event: 14.313 GC heap after
{Heap after GC invocations=17 (full 0):
 garbage-first heap   total 70656K, used 31810K [0x0000000085e00000, 0x0000000100000000)
  region size 1024K, 4 young (4096K), 4 survivors (4096K)
 Metaspace       used 66224K, committed 66816K, reserved 1114112K
  class space    used 9494K, committed 9792K, reserved 1048576K
}
Event: 14.973 GC heap before
{Heap before GC invocations=17 (full 0):
 garbage-first heap   total 70656K, used 56386K [0x0000000085e00000, 0x0000000100000000)
  region size 1024K, 27 young (27648K), 4 survivors (4096K)
 Metaspace       used 68973K, committed 69504K, reserved 1114112K
  class space    used 9856K, committed 10112K, reserved 1048576K
}
Event: 14.986 GC heap after
{Heap after GC invocations=18 (full 0):
 garbage-first heap   total 70656K, used 35447K [0x0000000085e00000, 0x0000000100000000)
  region size 1024K, 4 young (4096K), 4 survivors (4096K)
 Metaspace       used 68973K, committed 69504K, reserved 1114112K
  class space    used 9856K, committed 10112K, reserved 1048576K
}
Event: 15.103 GC heap before
{Heap before GC invocations=18 (full 0):
 garbage-first heap   total 70656K, used 55927K [0x0000000085e00000, 0x0000000100000000)
  region size 1024K, 24 young (24576K), 4 survivors (4096K)
 Metaspace       used 68978K, committed 69504K, reserved 1114112K
  class space    used 9857K, committed 10112K, reserved 1048576K
}

Deoptimization events (8 events):
Event: 3.048 Thread 0x00000207cf19b5d0 DEOPT PACKING pc=0x00000207d6ef9f9c sp=0x0000008b2f5fdfd0
Event: 3.048 Thread 0x00000207cf19b5d0 DEOPT UNPACKING pc=0x00000207d6a92b43 sp=0x0000008b2f5fd498 mode 0
Event: 12.984 Thread 0x00000207cf19b5d0 DEOPT PACKING pc=0x00000207d6db1524 sp=0x0000008b2f5fc690
Event: 12.984 Thread 0x00000207cf19b5d0 DEOPT UNPACKING pc=0x00000207d6a92b43 sp=0x0000008b2f5fbbe8 mode 0
Event: 13.940 Thread 0x00000207cf19b5d0 DEOPT PACKING pc=0x00000207d6e1c32a sp=0x0000008b2f5fd3f0
Event: 13.940 Thread 0x00000207cf19b5d0 DEOPT UNPACKING pc=0x00000207d6a92b43 sp=0x0000008b2f5fc8f8 mode 3
Event: 13.942 Thread 0x00000207cf19b5d0 DEOPT PACKING pc=0x00000207d6f50625 sp=0x0000008b2f5fd3b0
Event: 13.942 Thread 0x00000207cf19b5d0 DEOPT UNPACKING pc=0x00000207d6a92b43 sp=0x0000008b2f5fc8f8 mode 3

Classes unloaded (0 events):
No events

Classes redefined (0 events):
No events

Internal exceptions (20 events):
Event: 14.953 Thread 0x00000207e6d9f6a0 Exception <a 'sun/nio/fs/WindowsException'{0x0000000088ddf140}> (0x0000000088ddf140) 
thrown [s\open\src\hotspot\share\prims\jni.cpp, line 516]
Event: 14.954 Thread 0x00000207e6d9f6a0 Exception <a 'sun/nio/fs/WindowsException'{0x0000000088ddf410}> (0x0000000088ddf410) 
thrown [s\open\src\hotspot\share\prims\jni.cpp, line 516]
Event: 14.954 Thread 0x00000207e6d9f6a0 Exception <a 'sun/nio/fs/WindowsException'{0x0000000088ddfd50}> (0x0000000088ddfd50) 
thrown [s\open\src\hotspot\share\prims\jni.cpp, line 516]
Event: 14.954 Thread 0x00000207e6d9f6a0 Exception <a 'sun/nio/fs/WindowsException'{0x0000000088de0050}> (0x0000000088de0050) 
thrown [s\open\src\hotspot\share\prims\jni.cpp, line 516]
Event: 14.954 Thread 0x00000207e6d9f6a0 Exception <a 'sun/nio/fs/WindowsException'{0x0000000088de0968}> (0x0000000088de0968) 
thrown [s\open\src\hotspot\share\prims\jni.cpp, line 516]
Event: 14.954 Thread 0x00000207e6d9f6a0 Exception <a 'sun/nio/fs/WindowsException'{0x0000000088de0c38}> (0x0000000088de0c38) 
thrown [s\open\src\hotspot\share\prims\jni.cpp, line 516]
Event: 14.954 Thread 0x00000207e6d9f6a0 Exception <a 'sun/nio/fs/WindowsException'{0x0000000088de1520}> (0x0000000088de1520) 
thrown [s\open\src\hotspot\share\prims\jni.cpp, line 516]
Event: 14.954 Thread 0x00000207e6d9f6a0 Exception <a 'sun/nio/fs/WindowsException'{0x0000000088de17c0}> (0x0000000088de17c0) 
thrown [s\open\src\hotspot\share\prims\jni.cpp, line 516]
Event: 14.955 Thread 0x00000207e6d9f6a0 Exception <a 'sun/nio/fs/WindowsException'{0x0000000088de20b0}> (0x0000000088de20b0) 
thrown [s\open\src\hotspot\share\prims\jni.cpp, line 516]
Event: 14.955 Thread 0x00000207e6d9f6a0 Exception <a 'sun/nio/fs/WindowsException'{0x0000000088de2368}> (0x0000000088de2368) 
thrown [s\open\src\hotspot\share\prims\jni.cpp, line 516]
Event: 14.955 Thread 0x00000207e6d9f6a0 Exception <a 'sun/nio/fs/WindowsException'{0x0000000088de2c58}> (0x0000000088de2c58) 
thrown [s\open\src\hotspot\share\prims\jni.cpp, line 516]
Event: 14.955 Thread 0x00000207e6d9f6a0 Exception <a 'sun/nio/fs/WindowsException'{0x0000000088de2ef8}> (0x0000000088de2ef8) 
thrown [s\open\src\hotspot\share\prims\jni.cpp, line 516]
Event: 14.955 Thread 0x00000207e6d9f6a0 Exception <a 'sun/nio/fs/WindowsException'{0x0000000088de37e8}> (0x0000000088de37e8) 
thrown [s\open\src\hotspot\share\prims\jni.cpp, line 516]
Event: 14.955 Thread 0x00000207e6d9f6a0 Exception <a 'sun/nio/fs/WindowsException'{0x0000000088de3aa0}> (0x0000000088de3aa0) 
thrown [s\open\src\hotspot\share\prims\jni.cpp, line 516]
Event: 14.955 Thread 0x00000207e6d9f6a0 Exception <a 'sun/nio/fs/WindowsException'{0x0000000088de43b8}> (0x0000000088de43b8) 
thrown [s\open\src\hotspot\share\prims\jni.cpp, line 516]
Event: 14.955 Thread 0x00000207e6d9f6a0 Exception <a 'sun/nio/fs/WindowsException'{0x0000000088de4688}> (0x0000000088de4688) 
thrown [s\open\src\hotspot\share\prims\jni.cpp, line 516]
Event: 14.955 Thread 0x00000207e6d9f6a0 Exception <a 'sun/nio/fs/WindowsException'{0x0000000088de4fb8}> (0x0000000088de4fb8) 
thrown [s\open\src\hotspot\share\prims\jni.cpp, line 516]
Event: 14.955 Thread 0x00000207e6d9f6a0 Exception <a 'sun/nio/fs/WindowsException'{0x0000000088de52a8}> (0x0000000088de52a8) 
thrown [s\open\src\hotspot\share\prims\jni.cpp, line 516]
Event: 14.956 Thread 0x00000207e6d9f6a0 Exception <a 'sun/nio/fs/WindowsException'{0x0000000088de5bc0}> (0x0000000088de5bc0) 
thrown [s\open\src\hotspot\share\prims\jni.cpp, line 516]
Event: 14.956 Thread 0x00000207e6d9f6a0 Exception <a 'sun/nio/fs/WindowsException'{0x0000000088de5ea8}> (0x0000000088de5ea8) 
thrown [s\open\src\hotspot\share\prims\jni.cpp, line 516]

VM Operations (20 events):
Event: 13.152 Executing VM operation: HandshakeAllThreads done
Event: 13.152 Executing VM operation: HandshakeAllThreads
Event: 13.153 Executing VM operation: HandshakeAllThreads done
Event: 14.157 Executing VM operation: Cleanup
Event: 14.157 Executing VM operation: Cleanup done
Event: 14.304 Executing VM operation: G1CollectForAllocation
Event: 14.313 Executing VM operation: G1CollectForAllocation done
Event: 14.341 Executing VM operation: HandshakeAllThreads
Event: 14.341 Executing VM operation: HandshakeAllThreads done
Event: 14.457 Executing VM operation: HandshakeAllThreads
Event: 14.457 Executing VM operation: HandshakeAllThreads done
Event: 14.634 Executing VM operation: HandshakeAllThreads
Event: 14.634 Executing VM operation: HandshakeAllThreads done
Event: 14.754 Executing VM operation: HandshakeAllThreads
Event: 14.754 Executing VM operation: HandshakeAllThreads done
Event: 14.755 Executing VM operation: HandshakeAllThreads
Event: 14.755 Executing VM operation: HandshakeAllThreads done
Event: 14.973 Executing VM operation: G1CollectForAllocation
Event: 14.986 Executing VM operation: G1CollectForAllocation done
Event: 15.103 Executing VM operation: G1CollectForAllocation

Events (20 events):
Event: 14.908 loading class java/util/AbstractMap$SimpleEntry
Event: 14.909 loading class java/util/AbstractMap$SimpleEntry done
Event: 14.939 Thread 0x00000207e6d9ce20 Thread added: 0x00000207e6d9ce20
Event: 14.943 Thread 0x00000207e6d9f6a0 Thread added: 0x00000207e6d9f6a0
Event: 14.943 Thread 0x00000207e6d9f190 Thread added: 0x00000207e6d9f190
Event: 14.943 Thread 0x00000207e6d9d330 Thread added: 0x00000207e6d9d330
Event: 14.943 Thread 0x00000207e6d9fbb0 Thread added: 0x00000207e6d9fbb0
Event: 14.944 loading class sun/nio/fs/WindowsLinkSupport
Event: 14.944 Thread 0x00000207e6d9d840 Thread added: 0x00000207e6d9d840
Event: 14.944 loading class sun/nio/fs/WindowsLinkSupport done
Event: 14.944 Thread 0x00000207e6d9dd50 Thread added: 0x00000207e6d9dd50
Event: 14.944 Thread 0x00000207e6da00c0 Thread added: 0x00000207e6da00c0
Event: 14.964 loading class java/nio/channels/spi/AbstractInterruptibleChannel$1
Event: 14.965 loading class sun/nio/ch/Interruptible
Event: 14.965 loading class sun/nio/ch/Interruptible done
Event: 14.965 loading class java/nio/channels/spi/AbstractInterruptibleChannel$1 done
Event: 14.966 loading class java/nio/ReadOnlyBufferException
Event: 14.967 loading class java/nio/ReadOnlyBufferException done
Event: 14.969 loading class java/util/zip/DataFormatException
Event: 14.972 loading class java/util/zip/DataFormatException done


Dynamic libraries:
0x00007ff7f9370000 - 0x00007ff7f9380000 	C:\Program Files\Java\jdk-17\bin\java.exe
0x00007fffd6ff0000 - 0x00007fffd71e8000 	C:\WINDOWS\SYSTEM32\ntdll.dll
0x00007fffd68b0000 - 0x00007fffd696d000 	C:\WINDOWS\System32\KERNEL32.DLL
0x00007fffd46a0000 - 0x00007fffd4996000 	C:\WINDOWS\System32\KERNELBASE.dll
0x00007fffd4bb0000 - 0x00007fffd4cb0000 	C:\WINDOWS\System32\ucrtbase.dll
0x00007fffcf880000 - 0x00007fffcf89b000 	C:\Program Files\Java\jdk-17\bin\VCRUNTIME140.dll
0x00007fffcf8e0000 - 0x00007fffcf8f9000 	C:\Program Files\Java\jdk-17\bin\jli.dll
0x00007fffd6970000 - 0x00007fffd6a20000 	C:\WINDOWS\System32\ADVAPI32.dll
0x00007fffd65b0000 - 0x00007fffd664e000 	C:\WINDOWS\System32\msvcrt.dll
0x00007fffd5f00000 - 0x00007fffd5fa0000 	C:\WINDOWS\System32\sechost.dll
0x00007fffd6b20000 - 0x00007fffd6c43000 	C:\WINDOWS\System32\RPCRT4.dll
0x00007fffd4a20000 - 0x00007fffd4a47000 	C:\WINDOWS\System32\bcrypt.dll
0x00007fffd5210000 - 0x00007fffd53af000 	C:\WINDOWS\System32\USER32.dll
0x00007fffd49a0000 - 0x00007fffd49c2000 	C:\WINDOWS\System32\win32u.dll
0x00007fffc4140000 - 0x00007fffc43da000 	C:\WINDOWS\WinSxS\amd64_microsoft.windows.common-controls_6595b64144ccf1df_6.0.19041.3636_none_60b6a03d71f818d5\COMCTL32.dll
0x00007fffd6580000 - 0x00007fffd65ab000 	C:\WINDOWS\System32\GDI32.dll
0x00007fffd4d40000 - 0x00007fffd4e57000 	C:\WINDOWS\System32\gdi32full.dll
0x00007fffd4f80000 - 0x00007fffd501d000 	C:\WINDOWS\System32\msvcp_win.dll
0x00007fffc58f0000 - 0x00007fffc58fa000 	C:\WINDOWS\SYSTEM32\VERSION.dll
0x00007fffd6ae0000 - 0x00007fffd6b12000 	C:\WINDOWS\System32\IMM32.DLL
0x00007fffcf870000 - 0x00007fffcf87c000 	C:\Program Files\Java\jdk-17\bin\vcruntime140_1.dll
0x00007fffc46f0000 - 0x00007fffc477e000 	C:\Program Files\Java\jdk-17\bin\msvcp140.dll
0x00007fff6d280000 - 0x00007fff6de5f000 	C:\Program Files\Java\jdk-17\bin\server\jvm.dll
0x00007fffd6a50000 - 0x00007fffd6a58000 	C:\WINDOWS\System32\PSAPI.DLL
0x00007fffbf9d0000 - 0x00007fffbf9f7000 	C:\WINDOWS\SYSTEM32\WINMM.dll
0x00007fffc0320000 - 0x00007fffc0329000 	C:\WINDOWS\SYSTEM32\WSOCK32.dll
0x00007fffd5e90000 - 0x00007fffd5efb000 	C:\WINDOWS\System32\WS2_32.dll
0x00007fffd2ec0000 - 0x00007fffd2ed2000 	C:\WINDOWS\SYSTEM32\kernel.appcore.dll
0x00007fffcce80000 - 0x00007fffcce8a000 	C:\Program Files\Java\jdk-17\bin\jimage.dll
0x00007fffd2bd0000 - 0x00007fffd2db4000 	C:\WINDOWS\SYSTEM32\DBGHELP.DLL
0x00007fffb8c90000 - 0x00007fffb8cc4000 	C:\WINDOWS\SYSTEM32\dbgcore.DLL
0x00007fffd4cb0000 - 0x00007fffd4d32000 	C:\WINDOWS\System32\bcryptPrimitives.dll
0x00007fffcff10000 - 0x00007fffcff1e000 	C:\Program Files\Java\jdk-17\bin\instrument.dll
0x00007fffc44c0000 - 0x00007fffc44e5000 	C:\Program Files\Java\jdk-17\bin\java.dll
0x00007fffc4610000 - 0x00007fffc46e7000 	C:\Program Files\Java\jdk-17\bin\jsvml.dll
0x00007fffd5570000 - 0x00007fffd5cdb000 	C:\WINDOWS\System32\SHELL32.dll
0x00007fffd2360000 - 0x00007fffd2afe000 	C:\WINDOWS\SYSTEM32\windows.storage.dll
0x00007fffd6c50000 - 0x00007fffd6fa3000 	C:\WINDOWS\System32\combase.dll
0x00007fffd40d0000 - 0x00007fffd40fe000 	C:\WINDOWS\SYSTEM32\Wldp.dll
0x00007fffd54a0000 - 0x00007fffd556d000 	C:\WINDOWS\System32\OLEAUT32.dll
0x00007fffd5fa0000 - 0x00007fffd604d000 	C:\WINDOWS\System32\SHCORE.dll
0x00007fffd6520000 - 0x00007fffd6575000 	C:\WINDOWS\System32\shlwapi.dll
0x00007fffd45d0000 - 0x00007fffd45f3000 	C:\WINDOWS\SYSTEM32\profapi.dll
0x00007fffc45f0000 - 0x00007fffc4608000 	C:\Program Files\Java\jdk-17\bin\zip.dll
0x00007fffcce60000 - 0x00007fffcce79000 	C:\Program Files\Java\jdk-17\bin\net.dll
0x00007fffc8c30000 - 0x00007fffc8d3a000 	C:\WINDOWS\SYSTEM32\WINHTTP.dll
0x00007fffd3e30000 - 0x00007fffd3e9a000 	C:\WINDOWS\system32\mswsock.dll
0x00007fffc9ea0000 - 0x00007fffc9eb6000 	C:\Program Files\Java\jdk-17\bin\nio.dll
0x00007fffcd600000 - 0x00007fffcd61a000 	C:\Program Files\JetBrains\IntelliJ IDEA 2023.3.6\bin\breakgen64.dll
0x00007fffd3b10000 - 0x00007fffd3bdb000 	C:\WINDOWS\SYSTEM32\DNSAPI.dll
0x00007fffd3ac0000 - 0x00007fffd3afb000 	C:\WINDOWS\SYSTEM32\IPHLPAPI.DLL
0x00007fffd6780000 - 0x00007fffd6788000 	C:\WINDOWS\System32\NSI.dll
0x00007fffc4930000 - 0x00007fffc493a000 	C:\Windows\System32\rasadhlp.dll
0x00007fffc4a40000 - 0x00007fffc4ac0000 	C:\WINDOWS\System32\fwpuclnt.dll
0x00007fffce270000 - 0x00007fffce27a000 	C:\Program Files\Java\jdk-17\bin\management.dll
0x00007fffc4520000 - 0x00007fffc452b000 	C:\Program Files\Java\jdk-17\bin\management_ext.dll
0x00007fffd4020000 - 0x00007fffd4038000 	C:\WINDOWS\SYSTEM32\CRYPTSP.dll
0x00007fffd36e0000 - 0x00007fffd3714000 	C:\WINDOWS\system32\rsaenh.dll
0x00007fffd4590000 - 0x00007fffd45be000 	C:\WINDOWS\SYSTEM32\USERENV.dll
0x00007fffd4040000 - 0x00007fffd404c000 	C:\WINDOWS\SYSTEM32\CRYPTBASE.dll
0x00007fffc90a0000 - 0x00007fffc90b7000 	C:\WINDOWS\SYSTEM32\dhcpcsvc6.DLL
0x00007fffc9100000 - 0x00007fffc911d000 	C:\WINDOWS\SYSTEM32\dhcpcsvc.DLL
0x00007fffb33f0000 - 0x00007fffb3407000 	C:\WINDOWS\system32\napinsp.dll
0x00007fffb33d0000 - 0x00007fffb33eb000 	C:\WINDOWS\system32\pnrpnsp.dll
0x00007fffb2cc0000 - 0x00007fffb2cd5000 	C:\WINDOWS\system32\wshbth.dll
0x00007fffcf810000 - 0x00007fffcf82d000 	C:\WINDOWS\system32\NLAapi.dll
0x00007fffb33b0000 - 0x00007fffb33c2000 	C:\WINDOWS\System32\winrnr.dll
0x00007fffcff40000 - 0x00007fffcff4e000 	C:\Program Files\Java\jdk-17\bin\sunmscapi.dll
0x00007fffd4a50000 - 0x00007fffd4bae000 	C:\WINDOWS\System32\CRYPT32.dll
0x00007fffd4140000 - 0x00007fffd4168000 	C:\WINDOWS\SYSTEM32\ncrypt.dll
0x00007fffd4100000 - 0x00007fffd413b000 	C:\WINDOWS\SYSTEM32\NTASN1.dll
0x00007fffc44f0000 - 0x00007fffc4500000 	C:\Program Files\Java\jdk-17\bin\verify.dll

dbghelp: loaded successfully - version: 4.0.5 - missing functions: none
symbol engine: initialized successfully - sym options: 0x614 - pdb path: .;C:\Program Files\Java\jdk-17\bin;C:\WINDOWS\SYSTEM32;C:\WINDOWS\WinSxS\amd64_microsoft.windows.common-controls_6595b64144ccf1df_6.0.19041.3636_none_60b6a03d71f818d5;C:\Program Files\Java\jdk-17\bin\server;C:\Program Files\JetBrains\IntelliJ IDEA 2023.3.6\bin

VM Arguments:
jvm_args: -XX:TieredStopAtLevel=1 -Dspring.output.ansi.enabled=always -Dcom.sun.management.jmxremote -Dspring.jmx.enabled=true -Dspring.liveBeansView.mbeanDomain -Dspring.application.admin.enabled=true -Dmanagement.endpoints.jmx.exposure.include=* -javaagent:C:\Program Files\JetBrains\IntelliJ IDEA 2023.3.6\lib\idea_rt.jar=55674:C:\Program Files\JetBrains\IntelliJ IDEA 2023.3.6\bin -Dfile.encoding=UTF-8 
java_command: com.example.mscomunicaciones_alertas.MsComunicacionesAlertasApplication
java_class_path (initial): D:\u1\EVA-1RA-U\ms-comunicaciones_alertas\target\classes;C:\Users\USER\.m2\repository\org\springframework\boot\spring-boot-starter-data-jpa\3.1.3\spring-boot-starter-data-jpa-3.1.3.jar;C:\Users\USER\.m2\repository\org\springframework\boot\spring-boot-starter-aop\3.1.3\spring-boot-starter-aop-3.1.3.jar;C:\Users\USER\.m2\repository\org\springframework\spring-aop\6.0.11\spring-aop-6.0.11.jar;C:\Users\USER\.m2\repository\org\aspectj\aspectjweaver\1.9.20\aspectjweaver-1.9.20.jar;C:\Users\USER\.m2\repository\org\springframework\boot\spring-boot-starter-jdbc\3.1.3\spring-boot-starter-jdbc-3.1.3.jar;C:\Users\USER\.m2\repository\com\zaxxer\HikariCP\5.0.1\HikariCP-5.0.1.jar;C:\Users\USER\.m2\repository\org\springframework\spring-jdbc\6.0.11\spring-jdbc-6.0.11.jar;C:\Users\USER\.m2\repository\org\hibernate\orm\hibernate-core\6.2.7.Final\hibernate-core-6.2.7.Final.jar;C:\Users\USER\.m2\repository\jakarta\persistence\jakarta.persistence-api\3.1.0\jakarta.persistence-api-3.1.0.jar;C:\Users\USER\.m2\repository\jakarta\transaction\jakarta.transaction-api\2.0.1\jakarta.transaction-api-2.0.1.jar;C:\Users\USER\.m2\repository\org\jboss\logging\jboss-logging\3.5.3.Final\jboss-logging-3.5.3.Final.jar;C:\Users\USER\.m2\repository\org\hibernate\common\hibernate-commons-annotations\6.0.6.Final\hibernate-commons-annotations-6.0.6.Final.jar;C:\Users\USER\.m2\repository\io\smallrye\jandex\3.0.5\jandex-3.0.5.jar;C:\Users\USER\.m2\repository\com\fasterxml\classmate\1.5.1\classmate-1.5.1.jar;C:\Users\USER\.m2\repository\net\bytebuddy\byte-buddy\1.14.6\byte-buddy-1.14.6.jar;C:\Users\USER\.m2\repository\org\glassfish\jaxb\jaxb-runtime\4.0.3\jaxb-runtime-4.0.3.jar;C:\Users\USER\.m2\repository\org\glassfish\jaxb\jaxb-core\4.0.3\jaxb-core-4.0.3.jar;C:\Users\USER\.m2\repository\org\eclipse\angus\angus-activation\2.0.1\angus-activation-2.0.1.jar;C:\Users\USER\.m2\repository\org\glassfish\jaxb\txw2\4.0.3\txw2-4.0.3.jar;C:\Users\USER\.m2\repository\com\sun\istack\istack-common
Launcher Type: SUN_STANDARD

[Global flags]
     intx CICompilerCount                          = 3                                         {product} {ergonomic}
     uint ConcGCThreads                            = 1                                         {product} {ergonomic}
     uint G1ConcRefinementThreads                  = 4                                         {product} {ergonomic}
   size_t G1HeapRegionSize                         = 1048576                                   {product} {ergonomic}
    uintx GCDrainStackTargetSize                   = 64                                        {product} {ergonomic}
   size_t InitialHeapSize                          = 130023424                                 {product} {ergonomic}
     bool ManagementServer                         = true                                      {product} {command line}
   size_t MarkStackSize                            = 4194304                                   {product} {ergonomic}
   size_t MaxHeapSize                              = 2048917504                                {product} {ergonomic}
   size_t MaxNewSize                               = 1228931072                                {product} {ergonomic}
   size_t MinHeapDeltaBytes                        = 1048576                                   {product} {ergonomic}
   size_t MinHeapSize                              = 8388608                                   {product} {ergonomic}
    uintx NonProfiledCodeHeapSize                  = 0                                      {pd product} {ergonomic}
     bool ProfileInterpreter                       = false                                  {pd product} {command line}
    uintx ProfiledCodeHeapSize                     = 0                                      {pd product} {ergonomic}
   size_t SoftMaxHeapSize                          = 2048917504                             {manageable} {ergonomic}
     intx TieredStopAtLevel                        = 1                                         {product} {command line}
     bool UseCompressedClassPointers               = true                           {product lp64_product} {ergonomic}
     bool UseCompressedOops                        = true                           {product lp64_product} {ergonomic}
     bool UseG1GC                                  = true                                      {product} {ergonomic}
     bool UseLargePagesIndividualAllocation        = false                                  {pd product} {ergonomic}

Logging:
Log output configuration:
 #0: stdout all=warning uptime,level,tags
 #1: stderr all=off uptime,level,tags

Environment Variables:
PATH=C:\Program Files\Common Files\Oracle\Java\javapath;C:\Program Files (x86)\Common Files\Oracle\Java\javapath;C:\WINDOWS\system32;C:\WINDOWS;C:\WINDOWS\System32\Wbem;C:\WINDOWS\System32\WindowsPowerShell\v1.0\;C:\WINDOWS\System32\OpenSSH\;C:\Program Files\Intel\WiFi\bin\;C:\Program Files\Common Files\Intel\WirelessCommon\;C:\Program Files\dotnet\;C:\Program Files\Git\cmd;C:\Program Files\nodejs\;C:\laragon\bin\php\php-8.1.10-Win32-vs16-x64;C:\composer;C:\Users\USER\AppData\Local\Microsoft\WindowsApps;C:\Users\USER\AppData\Local\Programs\Microsoft VS Code\bin;C:\Users\USER\AppData\Roaming\npm;C:\Users\USER\AppData\Roaming\Composer\vendor\bin;C:\Users\USER\AppData\Local\GitHubDesktop\bin
USERNAME=USER
OS=Windows_NT
PROCESSOR_IDENTIFIER=Intel64 Family 6 Model 61 Stepping 4, GenuineIntel



---------------  S Y S T E M  ---------------

OS:
 Windows 10 , 64 bit Build 19041 (10.0.19041.3636)
OS uptime: 0 days 9:30 hours

CPU: total 4 (initial active 4) (2 cores per cpu, 2 threads per core) family 6 model 61 stepping 4 microcode 0x2d, cx8, cmov, fxsr, ht, mmx, 3dnowpref, sse, sse2, sse3, ssse3, sse4.1, sse4.2, popcnt, lzcnt, tsc, tscinvbit, avx, avx2, aes, erms, clmul, bmi1, bmi2, adx, fma, vzeroupper, clflush

Memory: 4k page, system-wide physical 7815M (344M free)
TotalPageFile size 12815M (AvailPageFile size 5M)
current process WorkingSet (physical memory assigned to process): 221M, peak: 221M
current process commit charge ("private bytes"): 255M, peak: 260M

vm_info: Java HotSpot(TM) 64-Bit Server VM (17.0.10+11-LTS-240) for windows-amd64 JRE (17.0.10+11-LTS-240), built on Dec 19 2023 21:47:25 by "mach5one" with MS VC++ 17.1 (VS2022)

END.
